=== REAL LINKS PROCESSOR ===
Step 1: Fetching ALL pages from website...
Found 842 valid service pages
Found 22 unique locations

Locations and services available:
  altadena: 40 services
  backup-generator-installation: 2 services
  culver-city: 40 services
  santa-clarita: 40 services
  glendale: 40 services
  atwater-village: 40 services
  echo-park: 40 services
  west-hollywood: 40 services
  burbank: 40 services
  venice: 40 services
  hollywood: 40 services
  long-beach: 40 services
  pasadena: 40 services
  beverly-hills: 40 services
  highland-park: 40 services
  los-feliz: 40 services
  boyle-heights: 40 services
  sherman-oaks: 40 services
  inglewood: 40 services
  silver-lake: 40 services
  santa-monica: 40 services
  torrance: 40 services

Step 2: Applying links to all pages...
[1/842] ✅ altadena/commercial-electrical-troubleshooting-repairs
[2/842] ✅ altadena/residential-electrical-troubleshooting-repairs
[3/842] ✅ altadena/commercial-electrical-safety-inspections
[4/842] ✅ altadena/residential-electrical-safety-inspections
[5/842] ✅ altadena/commercial-electrical-panel-upgrades
[6/842] ✅ altadena/residential-electrical-panel-upgrades
[7/842] ✅ altadena/commercial-electrical-code-compliance-corrections
[8/842] ✅ altadena/residential-electrical-code-compliance-corrections
[9/842] ✅ altadena/commercial-dedicated-equipment-circuits
[10/842] ✅ altadena/residential-dedicated-equipment-circuits
[11/842] ✅ altadena/commercial-data-network-av-wiring
[12/842] ✅ altadena/residential-data-network-av-wiring
[13/842] ✅ altadena/commercial-complete-electrical-rewiring
[14/842] ✅ altadena/residential-complete-electrical-rewiring
[15/842] ✅ altadena/commercial-ceiling-fan-fixture-installation
[16/842] ✅ altadena/residential-ceiling-fan-fixture-installation
[17/842] ✅ altadena/commercial-breaker-panel-service-maintenance
[18/842] ✅ altadena/residential-breaker-panel-service-maintenance
[19/842] ✅ altadena/commercial-backup-generator-installation
[20/842] ✅ altadena/residential-backup-generator-installation
[21/842] ✅ altadena/commercial-whole-building-surge-protection
[22/842] ✅ altadena/residential-whole-building-surge-protection
[23/842] ✅ altadena/commercial-smart-automation-systems
[24/842] ✅ altadena/residential-smart-automation-systems
[25/842] ✅ altadena/commercial-security-motion-lighting
[26/842] ✅ altadena/residential-security-motion-lighting
[27/842] ✅ altadena/commercial-pool-hot-tub-spa-electrical
[28/842] ✅ altadena/residential-pool-hot-tub-spa-electrical
[29/842] ✅ altadena/commercial-outlet-switch-dimmer-services
[30/842] ✅ altadena/residential-outlet-switch-dimmer-services
[31/842] ✅ altadena/commercial-lighting-installation-retrofitting
[32/842] ✅ altadena/residential-lighting-installation-retrofitting
[33/842] ✅ altadena/commercial-landscape-outdoor-lighting
[34/842] ✅ altadena/residential-landscape-outdoor-lighting
[35/842] ✅ altadena/commercial-exhaust-fan-ventilation-wiring
[36/842] ✅ altadena/residential-exhaust-fan-ventilation-wiring
[37/842] ✅ altadena/commercial-ev-charger-installation
[38/842] ✅ altadena/residential-ev-charger-installation
[39/842] ✅ altadena/commercial-energy-efficiency-upgrades
[40/842] ✅ altadena/residential-energy-efficiency-upgrades
[41/842] ✅ backup-generator-installation/commercial-backup-generator-installation
[42/842] ✅ backup-generator-installation/residential-backup-generator-installation
[43/842] ✅ culver-city/residential-ceiling-fan-fixture-installation
[44/842] ✅ culver-city/commercial-ceiling-fan-fixture-installation
[45/842] ✅ culver-city/residential-security-motion-lighting
[46/842] ✅ culver-city/commercial-security-motion-lighting
[47/842] ✅ culver-city/residential-landscape-outdoor-lighting
[48/842] ✅ culver-city/commercial-landscape-outdoor-lighting
[49/842] ✅ culver-city/residential-breaker-panel-service-maintenance
[50/842] ✅ culver-city/commercial-breaker-panel-service-maintenance
[51/842] ✅ culver-city/residential-electrical-panel-upgrades
[52/842] ✅ culver-city/commercial-electrical-panel-upgrades
[53/842] ✅ culver-city/residential-smart-automation-systems
[54/842] ✅ culver-city/commercial-smart-automation-systems
[55/842] ✅ culver-city/residential-electrical-code-compliance-corrections
[56/842] ✅ culver-city/commercial-electrical-code-compliance-corrections
[57/842] ✅ culver-city/residential-whole-building-surge-protection
[58/842] ✅ culver-city/commercial-whole-building-surge-protection
[59/842] ✅ culver-city/residential-data-network-av-wiring
[60/842] ✅ culver-city/commercial-data-network-av-wiring
[61/842] ✅ culver-city/residential-complete-electrical-rewiring
[62/842] ✅ culver-city/commercial-complete-electrical-rewiring
[63/842] ✅ culver-city/residential-outlet-switch-dimmer-services
[64/842] ✅ culver-city/commercial-outlet-switch-dimmer-services
[65/842] ✅ culver-city/residential-backup-generator-installation
[66/842] ✅ culver-city/commercial-backup-generator-installation
[67/842] ✅ culver-city/residential-electrical-safety-inspections
[68/842] ✅ culver-city/commercial-electrical-safety-inspections
[69/842] ✅ culver-city/residential-pool-hot-tub-spa-electrical
[70/842] ✅ culver-city/commercial-pool-hot-tub-spa-electrical
[71/842] ✅ culver-city/residential-electrical-troubleshooting-repairs
[72/842] ✅ culver-city/commercial-electrical-troubleshooting-repairs
[73/842] ✅ culver-city/residential-dedicated-equipment-circuits
[74/842] ✅ culver-city/commercial-dedicated-equipment-circuits
[75/842] ✅ culver-city/residential-energy-efficiency-upgrades
[76/842] ✅ culver-city/commercial-energy-efficiency-upgrades
[77/842] ✅ culver-city/residential-lighting-installation-retrofitting
[78/842] ✅ culver-city/commercial-lighting-installation-retrofitting
[79/842] ✅ culver-city/residential-ev-charger-installation
[80/842] ✅ culver-city/commercial-ev-charger-installation
[81/842] ✅ culver-city/residential-exhaust-fan-ventilation-wiring
[82/842] ✅ culver-city/commercial-exhaust-fan-ventilation-wiring
[83/842] ✅ santa-clarita/residential-ceiling-fan-fixture-installation
[84/842] ✅ santa-clarita/commercial-ceiling-fan-fixture-installation
[85/842] ✅ santa-clarita/residential-security-motion-lighting
[86/842] ✅ santa-clarita/commercial-security-motion-lighting
[87/842] ✅ santa-clarita/residential-landscape-outdoor-lighting
[88/842] ✅ santa-clarita/commercial-landscape-outdoor-lighting
[89/842] ✅ santa-clarita/residential-breaker-panel-service-maintenance
[90/842] ✅ santa-clarita/commercial-breaker-panel-service-maintenance
[91/842] ✅ santa-clarita/residential-electrical-panel-upgrades
[92/842] ✅ santa-clarita/commercial-electrical-panel-upgrades
[93/842] ✅ santa-clarita/residential-smart-automation-systems
[94/842] ✅ santa-clarita/commercial-smart-automation-systems
[95/842] ✅ santa-clarita/residential-electrical-code-compliance-corrections
[96/842] ✅ santa-clarita/commercial-electrical-code-compliance-corrections
[97/842] ✅ santa-clarita/residential-whole-building-surge-protection
[98/842] ✅ santa-clarita/commercial-whole-building-surge-protection
[99/842] ✅ santa-clarita/residential-data-network-av-wiring
[100/842] ✅ santa-clarita/commercial-data-network-av-wiring
[101/842] ✅ santa-clarita/residential-complete-electrical-rewiring
[102/842] ✅ santa-clarita/commercial-complete-electrical-rewiring
[103/842] ✅ santa-clarita/residential-outlet-switch-dimmer-services
[104/842] ✅ santa-clarita/commercial-outlet-switch-dimmer-services
[105/842] ✅ santa-clarita/residential-backup-generator-installation
[106/842] ✅ santa-clarita/commercial-backup-generator-installation
[107/842] ✅ santa-clarita/residential-electrical-safety-inspections
[108/842] ✅ santa-clarita/commercial-electrical-safety-inspections
[109/842] ✅ santa-clarita/residential-pool-hot-tub-spa-electrical
[110/842] ✅ santa-clarita/commercial-pool-hot-tub-spa-electrical
[111/842] ✅ santa-clarita/residential-electrical-troubleshooting-repairs
[112/842] ✅ santa-clarita/commercial-electrical-troubleshooting-repairs
[113/842] ✅ santa-clarita/residential-dedicated-equipment-circuits
[114/842] ✅ santa-clarita/commercial-dedicated-equipment-circuits
[115/842] ✅ santa-clarita/residential-energy-efficiency-upgrades
[116/842] ✅ santa-clarita/commercial-energy-efficiency-upgrades
[117/842] ✅ santa-clarita/residential-lighting-installation-retrofitting
[118/842] ✅ santa-clarita/commercial-lighting-installation-retrofitting
[119/842] ✅ santa-clarita/residential-ev-charger-installation
[120/842] ✅ santa-clarita/commercial-ev-charger-installation
[121/842] ✅ santa-clarita/residential-exhaust-fan-ventilation-wiring
[122/842] ✅ santa-clarita/commercial-exhaust-fan-ventilation-wiring
[123/842] ✅ glendale/residential-ceiling-fan-fixture-installation
[124/842] ✅ glendale/commercial-ceiling-fan-fixture-installation
[125/842] ✅ glendale/residential-security-motion-lighting
[126/842] ✅ glendale/commercial-security-motion-lighting
[127/842] ✅ glendale/residential-landscape-outdoor-lighting
[128/842] ✅ glendale/commercial-landscape-outdoor-lighting
[129/842] ✅ glendale/residential-breaker-panel-service-maintenance
[130/842] ✅ glendale/commercial-breaker-panel-service-maintenance
[131/842] ✅ glendale/residential-electrical-panel-upgrades
[132/842] ✅ glendale/commercial-electrical-panel-upgrades
[133/842] ✅ glendale/residential-smart-automation-systems
[134/842] ✅ glendale/commercial-smart-automation-systems
[135/842] ✅ glendale/residential-electrical-code-compliance-corrections
[136/842] ✅ glendale/commercial-electrical-code-compliance-corrections
[137/842] ✅ glendale/residential-whole-building-surge-protection
[138/842] ✅ glendale/commercial-whole-building-surge-protection
[139/842] ✅ glendale/residential-data-network-av-wiring
[140/842] ✅ glendale/commercial-data-network-av-wiring
[141/842] ✅ glendale/residential-complete-electrical-rewiring
[142/842] ✅ glendale/commercial-complete-electrical-rewiring
[143/842] ✅ glendale/residential-outlet-switch-dimmer-services
[144/842] ✅ glendale/commercial-outlet-switch-dimmer-services
[145/842] ✅ glendale/residential-backup-generator-installation
[146/842] ✅ glendale/commercial-backup-generator-installation
[147/842] ✅ glendale/residential-electrical-safety-inspections
[148/842] ✅ glendale/commercial-electrical-safety-inspections
[149/842] ✅ glendale/residential-pool-hot-tub-spa-electrical
[150/842] ✅ glendale/commercial-pool-hot-tub-spa-electrical
[151/842] ✅ glendale/residential-electrical-troubleshooting-repairs
[152/842] ✅ glendale/commercial-electrical-troubleshooting-repairs
[153/842] ✅ glendale/residential-dedicated-equipment-circuits
[154/842] ✅ glendale/commercial-dedicated-equipment-circuits
[155/842] ✅ glendale/residential-energy-efficiency-upgrades
[156/842] ✅ glendale/commercial-energy-efficiency-upgrades
[157/842] ✅ glendale/residential-lighting-installation-retrofitting
[158/842] ✅ glendale/commercial-lighting-installation-retrofitting
[159/842] ✅ glendale/residential-ev-charger-installation
[160/842] ✅ glendale/commercial-ev-charger-installation
[161/842] ✅ glendale/residential-exhaust-fan-ventilation-wiring
[162/842] ✅ glendale/commercial-exhaust-fan-ventilation-wiring
[163/842] ✅ atwater-village/residential-ceiling-fan-fixture-installation
[164/842] ✅ atwater-village/commercial-ceiling-fan-fixture-installation
[165/842] ✅ atwater-village/residential-security-motion-lighting
[166/842] ✅ atwater-village/commercial-security-motion-lighting
[167/842] ✅ atwater-village/residential-landscape-outdoor-lighting
[168/842] ✅ atwater-village/commercial-landscape-outdoor-lighting
[169/842] ✅ atwater-village/residential-breaker-panel-service-maintenance
[170/842] ✅ atwater-village/commercial-breaker-panel-service-maintenance
[171/842] ✅ atwater-village/residential-electrical-panel-upgrades
[172/842] ✅ atwater-village/commercial-electrical-panel-upgrades
[173/842] ✅ atwater-village/residential-smart-automation-systems
[174/842] ✅ atwater-village/commercial-smart-automation-systems
[175/842] ✅ atwater-village/residential-electrical-code-compliance-corrections
[176/842] ✅ atwater-village/commercial-electrical-code-compliance-corrections
[177/842] ✅ atwater-village/residential-whole-building-surge-protection
[178/842] ✅ atwater-village/commercial-whole-building-surge-protection
[179/842] ✅ atwater-village/residential-data-network-av-wiring
[180/842] ✅ atwater-village/commercial-data-network-av-wiring
[181/842] ✅ atwater-village/residential-complete-electrical-rewiring
[182/842] ✅ atwater-village/commercial-complete-electrical-rewiring
[183/842] ✅ atwater-village/residential-outlet-switch-dimmer-services
[184/842] ✅ atwater-village/commercial-outlet-switch-dimmer-services
[185/842] ✅ atwater-village/residential-backup-generator-installation
[186/842] ✅ atwater-village/commercial-backup-generator-installation
[187/842] ✅ atwater-village/residential-electrical-safety-inspections
[188/842] ✅ atwater-village/commercial-electrical-safety-inspections
[189/842] ✅ atwater-village/residential-pool-hot-tub-spa-electrical
[190/842] ✅ atwater-village/commercial-pool-hot-tub-spa-electrical
[191/842] ✅ atwater-village/residential-electrical-troubleshooting-repairs
[192/842] ✅ atwater-village/commercial-electrical-troubleshooting-repairs
[193/842] ✅ atwater-village/residential-dedicated-equipment-circuits
[194/842] ✅ atwater-village/commercial-dedicated-equipment-circuits
[195/842] ✅ atwater-village/residential-energy-efficiency-upgrades
[196/842] ✅ atwater-village/commercial-energy-efficiency-upgrades
[197/842] ✅ atwater-village/residential-lighting-installation-retrofitting
[198/842] ✅ atwater-village/commercial-lighting-installation-retrofitting
[199/842] ✅ atwater-village/residential-ev-charger-installation
[200/842] ✅ atwater-village/commercial-ev-charger-installation
[201/842] ✅ atwater-village/residential-exhaust-fan-ventilation-wiring
[202/842] ✅ atwater-village/commercial-exhaust-fan-ventilation-wiring
[203/842] ✅ echo-park/residential-ceiling-fan-fixture-installation
[204/842] ✅ echo-park/commercial-ceiling-fan-fixture-installation
[205/842] ✅ echo-park/residential-security-motion-lighting
[206/842] ✅ echo-park/commercial-security-motion-lighting
[207/842] ✅ echo-park/residential-landscape-outdoor-lighting
[208/842] ✅ echo-park/commercial-landscape-outdoor-lighting
[209/842] ✅ echo-park/residential-breaker-panel-service-maintenance
[210/842] ✅ echo-park/commercial-breaker-panel-service-maintenance
[211/842] ✅ echo-park/residential-electrical-panel-upgrades
[212/842] ✅ echo-park/commercial-electrical-panel-upgrades
[213/842] ✅ echo-park/residential-smart-automation-systems
[214/842] ✅ echo-park/commercial-smart-automation-systems
[215/842] ✅ echo-park/residential-electrical-code-compliance-corrections
[216/842] ✅ echo-park/commercial-electrical-code-compliance-corrections
[217/842] ✅ echo-park/residential-whole-building-surge-protection
[218/842] ✅ echo-park/commercial-whole-building-surge-protection
[219/842] ✅ echo-park/residential-data-network-av-wiring
[220/842] ✅ echo-park/commercial-data-network-av-wiring
[221/842] ✅ echo-park/residential-complete-electrical-rewiring
[222/842] ✅ echo-park/commercial-complete-electrical-rewiring
[223/842] ✅ echo-park/residential-outlet-switch-dimmer-services
[224/842] ✅ echo-park/commercial-outlet-switch-dimmer-services
[225/842] ✅ echo-park/residential-backup-generator-installation
[226/842] ✅ echo-park/commercial-backup-generator-installation
[227/842] ✅ echo-park/residential-electrical-safety-inspections
[228/842] ✅ echo-park/commercial-electrical-safety-inspections
[229/842] ✅ echo-park/residential-pool-hot-tub-spa-electrical
[230/842] ✅ echo-park/commercial-pool-hot-tub-spa-electrical
[231/842] ✅ echo-park/residential-electrical-troubleshooting-repairs
[232/842] ✅ echo-park/commercial-electrical-troubleshooting-repairs
[233/842] ✅ echo-park/residential-dedicated-equipment-circuits
[234/842] ✅ echo-park/commercial-dedicated-equipment-circuits
[235/842] ✅ echo-park/residential-energy-efficiency-upgrades
[236/842] ✅ echo-park/commercial-energy-efficiency-upgrades
[237/842] ✅ echo-park/residential-lighting-installation-retrofitting
[238/842] ✅ echo-park/commercial-lighting-installation-retrofitting
[239/842] ✅ echo-park/residential-ev-charger-installation
[240/842] ✅ echo-park/commercial-ev-charger-installation
[241/842] ✅ echo-park/residential-exhaust-fan-ventilation-wiring
[242/842] ✅ echo-park/commercial-exhaust-fan-ventilation-wiring
[243/842] ✅ west-hollywood/residential-ceiling-fan-fixture-installation
[244/842] ✅ west-hollywood/commercial-ceiling-fan-fixture-installation
[245/842] ✅ west-hollywood/residential-security-motion-lighting
[246/842] ✅ west-hollywood/commercial-security-motion-lighting
[247/842] ✅ west-hollywood/residential-landscape-outdoor-lighting
[248/842] ✅ west-hollywood/commercial-landscape-outdoor-lighting
[249/842] ✅ west-hollywood/residential-breaker-panel-service-maintenance
[250/842] ✅ west-hollywood/commercial-breaker-panel-service-maintenance
[251/842] ✅ west-hollywood/residential-electrical-panel-upgrades
[252/842] ✅ west-hollywood/commercial-electrical-panel-upgrades
[253/842] ✅ west-hollywood/residential-smart-automation-systems
[254/842] ✅ west-hollywood/commercial-smart-automation-systems
[255/842] ✅ west-hollywood/residential-electrical-code-compliance-corrections
[256/842] ✅ west-hollywood/commercial-electrical-code-compliance-corrections
[257/842] ✅ west-hollywood/residential-whole-building-surge-protection
[258/842] ✅ west-hollywood/commercial-whole-building-surge-protection
[259/842] ✅ west-hollywood/residential-data-network-av-wiring
[260/842] ✅ west-hollywood/commercial-data-network-av-wiring
[261/842] ✅ west-hollywood/residential-complete-electrical-rewiring
[262/842] ✅ west-hollywood/commercial-complete-electrical-rewiring
[263/842] ✅ west-hollywood/residential-outlet-switch-dimmer-services
[264/842] ✅ west-hollywood/commercial-outlet-switch-dimmer-services
[265/842] ✅ west-hollywood/residential-backup-generator-installation
[266/842] ✅ west-hollywood/commercial-backup-generator-installation
[267/842] ✅ west-hollywood/residential-electrical-safety-inspections
[268/842] ✅ west-hollywood/commercial-electrical-safety-inspections
[269/842] ✅ west-hollywood/residential-pool-hot-tub-spa-electrical
[270/842] ✅ west-hollywood/commercial-pool-hot-tub-spa-electrical
[271/842] ✅ west-hollywood/residential-electrical-troubleshooting-repairs
[272/842] ✅ west-hollywood/commercial-electrical-troubleshooting-repairs
[273/842] ✅ west-hollywood/residential-dedicated-equipment-circuits
[274/842] ✅ west-hollywood/commercial-dedicated-equipment-circuits
[275/842] ✅ west-hollywood/residential-energy-efficiency-upgrades
[276/842] ✅ west-hollywood/commercial-energy-efficiency-upgrades
[277/842] ✅ west-hollywood/residential-lighting-installation-retrofitting
[278/842] ✅ west-hollywood/commercial-lighting-installation-retrofitting
[279/842] ✅ west-hollywood/residential-ev-charger-installation
[280/842] ✅ west-hollywood/commercial-ev-charger-installation
[281/842] ✅ west-hollywood/residential-exhaust-fan-ventilation-wiring
[282/842] ✅ west-hollywood/commercial-exhaust-fan-ventilation-wiring
[283/842] ✅ burbank/residential-ceiling-fan-fixture-installation
[284/842] ✅ burbank/commercial-ceiling-fan-fixture-installation
[285/842] ✅ burbank/residential-security-motion-lighting
[286/842] ✅ burbank/commercial-security-motion-lighting
[287/842] ✅ burbank/residential-landscape-outdoor-lighting
[288/842] ✅ burbank/commercial-landscape-outdoor-lighting
[289/842] ✅ burbank/residential-breaker-panel-service-maintenance
[290/842] ✅ burbank/commercial-breaker-panel-service-maintenance
[291/842] ✅ burbank/residential-electrical-panel-upgrades
[292/842] ✅ burbank/commercial-electrical-panel-upgrades
[293/842] ✅ burbank/residential-smart-automation-systems
[294/842] ✅ burbank/commercial-smart-automation-systems
[295/842] ✅ burbank/residential-electrical-code-compliance-corrections
[296/842] ✅ burbank/commercial-electrical-code-compliance-corrections
[297/842] ✅ burbank/residential-whole-building-surge-protection
[298/842] ✅ burbank/commercial-whole-building-surge-protection
[299/842] ✅ burbank/residential-data-network-av-wiring
[300/842] ✅ burbank/commercial-data-network-av-wiring
[301/842] ✅ burbank/residential-complete-electrical-rewiring
[302/842] ✅ burbank/commercial-complete-electrical-rewiring
[303/842] ✅ burbank/residential-outlet-switch-dimmer-services
[304/842] ✅ burbank/commercial-outlet-switch-dimmer-services
[305/842] ✅ burbank/residential-backup-generator-installation
[306/842] ✅ burbank/commercial-backup-generator-installation
[307/842] ✅ burbank/residential-electrical-safety-inspections
[308/842] ✅ burbank/commercial-electrical-safety-inspections
[309/842] ✅ burbank/residential-pool-hot-tub-spa-electrical
[310/842] ✅ burbank/commercial-pool-hot-tub-spa-electrical
[311/842] ✅ burbank/residential-electrical-troubleshooting-repairs
[312/842] ✅ burbank/commercial-electrical-troubleshooting-repairs
[313/842] ✅ burbank/residential-dedicated-equipment-circuits
[314/842] ✅ burbank/commercial-dedicated-equipment-circuits
[315/842] ✅ burbank/residential-energy-efficiency-upgrades
[316/842] ✅ burbank/commercial-energy-efficiency-upgrades
[317/842] ✅ burbank/residential-lighting-installation-retrofitting
[318/842] ✅ burbank/commercial-lighting-installation-retrofitting
[319/842] ✅ burbank/residential-ev-charger-installation
[320/842] ✅ burbank/commercial-ev-charger-installation
[321/842] ✅ burbank/residential-exhaust-fan-ventilation-wiring
[322/842] ✅ burbank/commercial-exhaust-fan-ventilation-wiring
[323/842] ✅ venice/residential-ceiling-fan-fixture-installation
[324/842] ✅ venice/commercial-ceiling-fan-fixture-installation
[325/842] ✅ venice/residential-security-motion-lighting
[326/842] ✅ venice/commercial-security-motion-lighting
[327/842] ✅ venice/residential-landscape-outdoor-lighting
[328/842] ✅ venice/commercial-landscape-outdoor-lighting
[329/842] ✅ venice/residential-breaker-panel-service-maintenance
[330/842] ✅ venice/commercial-breaker-panel-service-maintenance
[331/842] ✅ venice/residential-electrical-panel-upgrades
[332/842] ✅ venice/commercial-electrical-panel-upgrades
[333/842] ✅ venice/residential-smart-automation-systems
[334/842] ✅ venice/commercial-smart-automation-systems
[335/842] ✅ venice/residential-electrical-code-compliance-corrections
[336/842] ✅ venice/commercial-electrical-code-compliance-corrections
[337/842] ✅ venice/residential-whole-building-surge-protection
[338/842] ✅ venice/commercial-whole-building-surge-protection
[339/842] ✅ venice/residential-data-network-av-wiring
[340/842] ✅ venice/commercial-data-network-av-wiring
[341/842] ✅ venice/residential-complete-electrical-rewiring
[342/842] ✅ venice/commercial-complete-electrical-rewiring
[343/842] ✅ venice/residential-outlet-switch-dimmer-services
[344/842] ✅ venice/commercial-outlet-switch-dimmer-services
[345/842] ✅ venice/residential-backup-generator-installation
[346/842] ✅ venice/commercial-backup-generator-installation
[347/842] ✅ venice/residential-electrical-safety-inspections
[348/842] ✅ venice/commercial-electrical-safety-inspections
[349/842] ✅ venice/residential-pool-hot-tub-spa-electrical
[350/842] ✅ venice/commercial-pool-hot-tub-spa-electrical
[351/842] ✅ venice/residential-electrical-troubleshooting-repairs
[352/842] ✅ venice/commercial-electrical-troubleshooting-repairs
[353/842] ✅ venice/residential-dedicated-equipment-circuits
[354/842] ✅ venice/commercial-dedicated-equipment-circuits
[355/842] ✅ venice/residential-energy-efficiency-upgrades
[356/842] ✅ venice/commercial-energy-efficiency-upgrades
[357/842] ✅ venice/residential-lighting-installation-retrofitting
[358/842] ✅ venice/commercial-lighting-installation-retrofitting
[359/842] ✅ venice/residential-ev-charger-installation
[360/842] ✅ venice/commercial-ev-charger-installation
[361/842] ✅ venice/residential-exhaust-fan-ventilation-wiring
[362/842] ✅ venice/commercial-exhaust-fan-ventilation-wiring
[363/842] ✅ hollywood/residential-ceiling-fan-fixture-installation
[364/842] ✅ hollywood/commercial-ceiling-fan-fixture-installation
[365/842] ✅ hollywood/residential-security-motion-lighting
[366/842] ✅ hollywood/commercial-security-motion-lighting
[367/842] ✅ hollywood/residential-landscape-outdoor-lighting
[368/842] ✅ hollywood/commercial-landscape-outdoor-lighting
[369/842] ✅ hollywood/residential-breaker-panel-service-maintenance
[370/842] ✅ hollywood/commercial-breaker-panel-service-maintenance
[371/842] ✅ hollywood/residential-electrical-panel-upgrades
[372/842] ✅ hollywood/commercial-electrical-panel-upgrades
[373/842] ✅ hollywood/residential-smart-automation-systems
[374/842] ✅ hollywood/commercial-smart-automation-systems
[375/842] ✅ hollywood/residential-electrical-code-compliance-corrections
[376/842] ✅ hollywood/commercial-electrical-code-compliance-corrections
[377/842] ✅ hollywood/residential-whole-building-surge-protection
[378/842] ✅ hollywood/commercial-whole-building-surge-protection
[379/842] ✅ hollywood/residential-data-network-av-wiring
[380/842] ✅ hollywood/commercial-data-network-av-wiring
[381/842] ✅ hollywood/residential-complete-electrical-rewiring
[382/842] ✅ hollywood/commercial-complete-electrical-rewiring
[383/842] ✅ hollywood/residential-outlet-switch-dimmer-services
[384/842] ✅ hollywood/commercial-outlet-switch-dimmer-services
[385/842] ✅ hollywood/residential-backup-generator-installation
[386/842] ✅ hollywood/commercial-backup-generator-installation
[387/842] ✅ hollywood/residential-electrical-safety-inspections
[388/842] ✅ hollywood/commercial-electrical-safety-inspections
[389/842] ✅ hollywood/residential-pool-hot-tub-spa-electrical
[390/842] ✅ hollywood/commercial-pool-hot-tub-spa-electrical
[391/842] ✅ hollywood/residential-electrical-troubleshooting-repairs
[392/842] ✅ hollywood/commercial-electrical-troubleshooting-repairs
[393/842] ✅ hollywood/residential-dedicated-equipment-circuits
[394/842] ✅ hollywood/commercial-dedicated-equipment-circuits
[395/842] ✅ hollywood/residential-energy-efficiency-upgrades
[396/842] ✅ hollywood/commercial-energy-efficiency-upgrades
[397/842] ✅ hollywood/residential-lighting-installation-retrofitting
[398/842] ✅ hollywood/commercial-lighting-installation-retrofitting
[399/842] ✅ hollywood/residential-ev-charger-installation
[400/842] ✅ hollywood/commercial-ev-charger-installation
[401/842] ✅ hollywood/residential-exhaust-fan-ventilation-wiring
[402/842] ✅ hollywood/commercial-exhaust-fan-ventilation-wiring
[403/842] ✅ long-beach/residential-ceiling-fan-fixture-installation
[404/842] ✅ long-beach/commercial-ceiling-fan-fixture-installation
[405/842] ✅ long-beach/residential-security-motion-lighting
[406/842] ✅ long-beach/commercial-security-motion-lighting
[407/842] ✅ long-beach/residential-landscape-outdoor-lighting
[408/842] ✅ long-beach/commercial-landscape-outdoor-lighting
[409/842] ✅ long-beach/residential-breaker-panel-service-maintenance
[410/842] ✅ long-beach/commercial-breaker-panel-service-maintenance
[411/842] ✅ long-beach/residential-electrical-panel-upgrades
[412/842] ✅ long-beach/commercial-electrical-panel-upgrades
[413/842] ✅ long-beach/residential-smart-automation-systems
[414/842] ✅ long-beach/commercial-smart-automation-systems
[415/842] ✅ long-beach/residential-electrical-code-compliance-corrections
[416/842] ✅ long-beach/commercial-electrical-code-compliance-corrections
[417/842] ✅ long-beach/residential-whole-building-surge-protection
[418/842] ✅ long-beach/commercial-whole-building-surge-protection
[419/842] ✅ long-beach/residential-data-network-av-wiring
[420/842] ✅ long-beach/commercial-data-network-av-wiring
[421/842] ✅ long-beach/residential-complete-electrical-rewiring
[422/842] ✅ long-beach/commercial-complete-electrical-rewiring
[423/842] ✅ long-beach/residential-outlet-switch-dimmer-services
[424/842] ✅ long-beach/commercial-outlet-switch-dimmer-services
[425/842] ✅ long-beach/residential-backup-generator-installation
[426/842] ✅ long-beach/commercial-backup-generator-installation
[427/842] ✅ long-beach/residential-electrical-safety-inspections
[428/842] ✅ long-beach/commercial-electrical-safety-inspections
[429/842] ✅ long-beach/residential-pool-hot-tub-spa-electrical
[430/842] ✅ long-beach/commercial-pool-hot-tub-spa-electrical
[431/842] ✅ long-beach/residential-electrical-troubleshooting-repairs
[432/842] ✅ long-beach/commercial-electrical-troubleshooting-repairs
[433/842] ✅ long-beach/residential-dedicated-equipment-circuits
[434/842] ✅ long-beach/commercial-dedicated-equipment-circuits
[435/842] ✅ long-beach/residential-energy-efficiency-upgrades
[436/842] ✅ long-beach/commercial-energy-efficiency-upgrades
[437/842] ✅ long-beach/residential-lighting-installation-retrofitting
[438/842] ✅ long-beach/commercial-lighting-installation-retrofitting
[439/842] ✅ long-beach/residential-ev-charger-installation
[440/842] ✅ long-beach/commercial-ev-charger-installation
[441/842] ✅ long-beach/residential-exhaust-fan-ventilation-wiring
[442/842] ✅ long-beach/commercial-exhaust-fan-ventilation-wiring
[443/842] ✅ pasadena/residential-ceiling-fan-fixture-installation
[444/842] ✅ pasadena/commercial-ceiling-fan-fixture-installation
[445/842] ✅ pasadena/residential-security-motion-lighting
[446/842] ✅ pasadena/commercial-security-motion-lighting
[447/842] ✅ pasadena/residential-landscape-outdoor-lighting
[448/842] ✅ pasadena/commercial-landscape-outdoor-lighting
[449/842] ✅ pasadena/residential-breaker-panel-service-maintenance
[450/842] ✅ pasadena/commercial-breaker-panel-service-maintenance
[451/842] ✅ pasadena/residential-electrical-panel-upgrades
[452/842] ✅ pasadena/commercial-electrical-panel-upgrades
[453/842] ✅ pasadena/residential-smart-automation-systems
[454/842] ✅ pasadena/commercial-smart-automation-systems
[455/842] ✅ pasadena/residential-electrical-code-compliance-corrections
[456/842] ✅ pasadena/commercial-electrical-code-compliance-corrections
[457/842] ✅ pasadena/residential-whole-building-surge-protection
[458/842] ✅ pasadena/commercial-whole-building-surge-protection
[459/842] ✅ pasadena/residential-data-network-av-wiring
[460/842] ✅ pasadena/commercial-data-network-av-wiring
[461/842] ✅ pasadena/residential-complete-electrical-rewiring
[462/842] ✅ pasadena/commercial-complete-electrical-rewiring
[463/842] ✅ pasadena/residential-outlet-switch-dimmer-services
[464/842] ✅ pasadena/commercial-outlet-switch-dimmer-services
[465/842] ✅ pasadena/residential-backup-generator-installation
[466/842] ✅ pasadena/commercial-backup-generator-installation
[467/842] ✅ pasadena/residential-electrical-safety-inspections
[468/842] ✅ pasadena/commercial-electrical-safety-inspections
[469/842] ✅ pasadena/residential-pool-hot-tub-spa-electrical
[470/842] ✅ pasadena/commercial-pool-hot-tub-spa-electrical
[471/842] ✅ pasadena/residential-electrical-troubleshooting-repairs
[472/842] ✅ pasadena/commercial-electrical-troubleshooting-repairs
[473/842] ✅ pasadena/residential-dedicated-equipment-circuits
[474/842] ✅ pasadena/commercial-dedicated-equipment-circuits
[475/842] ✅ pasadena/residential-energy-efficiency-upgrades
[476/842] ✅ pasadena/commercial-energy-efficiency-upgrades
[477/842] ✅ pasadena/residential-lighting-installation-retrofitting
[478/842] ✅ pasadena/commercial-lighting-installation-retrofitting
[479/842] ✅ pasadena/residential-ev-charger-installation
[480/842] ✅ pasadena/commercial-ev-charger-installation
[481/842] ✅ pasadena/residential-exhaust-fan-ventilation-wiring
[482/842] ✅ pasadena/commercial-exhaust-fan-ventilation-wiring
[483/842] ✅ beverly-hills/residential-ceiling-fan-fixture-installation
[484/842] ✅ beverly-hills/commercial-ceiling-fan-fixture-installation
[485/842] ✅ beverly-hills/residential-security-motion-lighting
[486/842] ✅ beverly-hills/commercial-security-motion-lighting
[487/842] ✅ beverly-hills/residential-landscape-outdoor-lighting
[488/842] ✅ beverly-hills/commercial-landscape-outdoor-lighting
[489/842] ✅ beverly-hills/residential-breaker-panel-service-maintenance
[490/842] ✅ beverly-hills/commercial-breaker-panel-service-maintenance
[491/842] ✅ beverly-hills/residential-electrical-panel-upgrades
[492/842] ✅ beverly-hills/commercial-electrical-panel-upgrades
[493/842] ✅ beverly-hills/residential-smart-automation-systems
[494/842] ✅ beverly-hills/commercial-smart-automation-systems
[495/842] ✅ beverly-hills/residential-electrical-code-compliance-corrections
[496/842] ✅ beverly-hills/commercial-electrical-code-compliance-corrections
[497/842] ✅ beverly-hills/residential-whole-building-surge-protection
[498/842] ✅ beverly-hills/commercial-whole-building-surge-protection
[499/842] ✅ beverly-hills/residential-data-network-av-wiring
[500/842] ✅ beverly-hills/commercial-data-network-av-wiring
[501/842] ✅ beverly-hills/residential-complete-electrical-rewiring
[502/842] ✅ beverly-hills/commercial-complete-electrical-rewiring
[503/842] ✅ beverly-hills/residential-outlet-switch-dimmer-services
[504/842] ✅ beverly-hills/commercial-outlet-switch-dimmer-services
[505/842] ✅ beverly-hills/residential-backup-generator-installation
[506/842] ✅ beverly-hills/commercial-backup-generator-installation
[507/842] ✅ beverly-hills/residential-electrical-safety-inspections
[508/842] ✅ beverly-hills/commercial-electrical-safety-inspections
[509/842] ✅ beverly-hills/residential-pool-hot-tub-spa-electrical
[510/842] ✅ beverly-hills/commercial-pool-hot-tub-spa-electrical
[511/842] ✅ beverly-hills/residential-electrical-troubleshooting-repairs
[512/842] ✅ beverly-hills/commercial-electrical-troubleshooting-repairs
[513/842] ✅ beverly-hills/residential-dedicated-equipment-circuits
[514/842] ✅ beverly-hills/commercial-dedicated-equipment-circuits
[515/842] ✅ beverly-hills/residential-energy-efficiency-upgrades
[516/842] ✅ beverly-hills/commercial-energy-efficiency-upgrades
[517/842] ✅ beverly-hills/residential-lighting-installation-retrofitting
[518/842] ✅ beverly-hills/commercial-lighting-installation-retrofitting
[519/842] ✅ beverly-hills/residential-ev-charger-installation
[520/842] ✅ beverly-hills/commercial-ev-charger-installation
[521/842] ✅ beverly-hills/residential-exhaust-fan-ventilation-wiring
[522/842] ✅ beverly-hills/commercial-exhaust-fan-ventilation-wiring
[523/842] ✅ highland-park/residential-ceiling-fan-fixture-installation
[524/842] ✅ highland-park/commercial-ceiling-fan-fixture-installation
[525/842] ✅ highland-park/residential-security-motion-lighting
[526/842] ✅ highland-park/commercial-security-motion-lighting
[527/842] ✅ highland-park/residential-landscape-outdoor-lighting
[528/842] ✅ highland-park/commercial-landscape-outdoor-lighting
[529/842] ✅ highland-park/residential-breaker-panel-service-maintenance
[530/842] ✅ highland-park/commercial-breaker-panel-service-maintenance
[531/842] ✅ highland-park/residential-electrical-panel-upgrades
[532/842] ✅ highland-park/commercial-electrical-panel-upgrades
[533/842] ✅ highland-park/residential-smart-automation-systems
[534/842] ✅ highland-park/commercial-smart-automation-systems
[535/842] ✅ highland-park/residential-electrical-code-compliance-corrections
[536/842] ✅ highland-park/commercial-electrical-code-compliance-corrections
[537/842] ✅ highland-park/residential-whole-building-surge-protection
[538/842] ✅ highland-park/commercial-whole-building-surge-protection
[539/842] ✅ highland-park/residential-data-network-av-wiring
[540/842] ✅ highland-park/commercial-data-network-av-wiring
[541/842] ✅ highland-park/residential-complete-electrical-rewiring
[542/842] ✅ highland-park/commercial-complete-electrical-rewiring
[543/842] ✅ highland-park/residential-outlet-switch-dimmer-services
[544/842] ✅ highland-park/commercial-outlet-switch-dimmer-services
[545/842] ✅ highland-park/residential-backup-generator-installation
[546/842] ✅ highland-park/commercial-backup-generator-installation
[547/842] ✅ highland-park/residential-electrical-safety-inspections
[548/842] ✅ highland-park/commercial-electrical-safety-inspections
[549/842] ✅ highland-park/residential-pool-hot-tub-spa-electrical
[550/842] ✅ highland-park/commercial-pool-hot-tub-spa-electrical
[551/842] ✅ highland-park/residential-electrical-troubleshooting-repairs
[552/842] ✅ highland-park/commercial-electrical-troubleshooting-repairs
[553/842] ✅ highland-park/residential-dedicated-equipment-circuits
[554/842] ✅ highland-park/commercial-dedicated-equipment-circuits
[555/842] ✅ highland-park/residential-energy-efficiency-upgrades
[556/842] ✅ highland-park/commercial-energy-efficiency-upgrades
[557/842] ✅ highland-park/residential-lighting-installation-retrofitting
[558/842] ✅ highland-park/commercial-lighting-installation-retrofitting
[559/842] ✅ highland-park/residential-ev-charger-installation
[560/842] ✅ highland-park/commercial-ev-charger-installation
[561/842] ✅ highland-park/residential-exhaust-fan-ventilation-wiring
[562/842] ✅ highland-park/commercial-exhaust-fan-ventilation-wiring
[563/842] ✅ los-feliz/residential-ceiling-fan-fixture-installation
[564/842] ✅ los-feliz/commercial-ceiling-fan-fixture-installation
[565/842] ✅ los-feliz/residential-security-motion-lighting
[566/842] ✅ los-feliz/commercial-security-motion-lighting
[567/842] ✅ los-feliz/residential-landscape-outdoor-lighting
[568/842] ✅ los-feliz/commercial-landscape-outdoor-lighting
[569/842] ✅ los-feliz/residential-breaker-panel-service-maintenance
[570/842] ✅ los-feliz/commercial-breaker-panel-service-maintenance
[571/842] ✅ los-feliz/residential-electrical-panel-upgrades
[572/842] ✅ los-feliz/commercial-electrical-panel-upgrades
[573/842] ✅ los-feliz/residential-smart-automation-systems
[574/842] ✅ los-feliz/commercial-smart-automation-systems
[575/842] ✅ los-feliz/residential-electrical-code-compliance-corrections
[576/842] ✅ los-feliz/commercial-electrical-code-compliance-corrections
[577/842] ✅ los-feliz/residential-whole-building-surge-protection
[578/842] ✅ los-feliz/commercial-whole-building-surge-protection
[579/842] ✅ los-feliz/residential-data-network-av-wiring
[580/842] ✅ los-feliz/commercial-data-network-av-wiring
[581/842] ✅ los-feliz/residential-complete-electrical-rewiring
[582/842] ✅ los-feliz/commercial-complete-electrical-rewiring
[583/842] ✅ los-feliz/residential-outlet-switch-dimmer-services
[584/842] ✅ los-feliz/commercial-outlet-switch-dimmer-services
[585/842] ✅ los-feliz/residential-backup-generator-installation
[586/842] ✅ los-feliz/commercial-backup-generator-installation
[587/842] ✅ los-feliz/residential-electrical-safety-inspections
[588/842] ✅ los-feliz/commercial-electrical-safety-inspections
[589/842] ✅ los-feliz/residential-pool-hot-tub-spa-electrical
[590/842] ✅ los-feliz/commercial-pool-hot-tub-spa-electrical
[591/842] ✅ los-feliz/residential-electrical-troubleshooting-repairs
[592/842] ✅ los-feliz/commercial-electrical-troubleshooting-repairs
[593/842] ✅ los-feliz/residential-dedicated-equipment-circuits
[594/842] ✅ los-feliz/commercial-dedicated-equipment-circuits
[595/842] ✅ los-feliz/residential-energy-efficiency-upgrades
[596/842] ✅ los-feliz/commercial-energy-efficiency-upgrades
[597/842] ✅ los-feliz/residential-lighting-installation-retrofitting
[598/842] ✅ los-feliz/commercial-lighting-installation-retrofitting
[599/842] ✅ los-feliz/residential-ev-charger-installation
[600/842] ✅ los-feliz/commercial-ev-charger-installation
[601/842] ✅ los-feliz/residential-exhaust-fan-ventilation-wiring
[602/842] ✅ los-feliz/commercial-exhaust-fan-ventilation-wiring
[603/842] ✅ boyle-heights/residential-ceiling-fan-fixture-installation
[604/842] ✅ boyle-heights/commercial-ceiling-fan-fixture-installation
[605/842] ✅ boyle-heights/residential-security-motion-lighting
[606/842] ✅ boyle-heights/commercial-security-motion-lighting
[607/842] ✅ boyle-heights/residential-landscape-outdoor-lighting
[608/842] ✅ boyle-heights/commercial-landscape-outdoor-lighting
[609/842] ✅ boyle-heights/residential-breaker-panel-service-maintenance
[610/842] ✅ boyle-heights/commercial-breaker-panel-service-maintenance
[611/842] ✅ boyle-heights/residential-electrical-panel-upgrades
[612/842] ✅ boyle-heights/commercial-electrical-panel-upgrades
[613/842] ✅ boyle-heights/residential-smart-automation-systems
[614/842] ✅ boyle-heights/commercial-smart-automation-systems
[615/842] ✅ boyle-heights/residential-electrical-code-compliance-corrections
[616/842] ✅ boyle-heights/commercial-electrical-code-compliance-corrections
[617/842] ✅ boyle-heights/residential-whole-building-surge-protection
[618/842] ✅ boyle-heights/commercial-whole-building-surge-protection
[619/842] ✅ boyle-heights/residential-data-network-av-wiring
[620/842] ✅ boyle-heights/commercial-data-network-av-wiring
[621/842] ✅ boyle-heights/residential-complete-electrical-rewiring
[622/842] ✅ boyle-heights/commercial-complete-electrical-rewiring
[623/842] ✅ boyle-heights/residential-outlet-switch-dimmer-services
[624/842] ✅ boyle-heights/commercial-outlet-switch-dimmer-services
[625/842] ✅ boyle-heights/residential-backup-generator-installation
[626/842] ✅ boyle-heights/commercial-backup-generator-installation
[627/842] ✅ boyle-heights/residential-electrical-safety-inspections
[628/842] ✅ boyle-heights/commercial-electrical-safety-inspections
[629/842] ✅ boyle-heights/residential-pool-hot-tub-spa-electrical
[630/842] ✅ boyle-heights/commercial-pool-hot-tub-spa-electrical
[631/842] ✅ boyle-heights/residential-electrical-troubleshooting-repairs
[632/842] ✅ boyle-heights/commercial-electrical-troubleshooting-repairs
[633/842] ✅ boyle-heights/residential-dedicated-equipment-circuits
[634/842] ✅ boyle-heights/commercial-dedicated-equipment-circuits
[635/842] ✅ boyle-heights/residential-energy-efficiency-upgrades
[636/842] ✅ boyle-heights/commercial-energy-efficiency-upgrades
[637/842] ✅ boyle-heights/residential-lighting-installation-retrofitting
[638/842] ✅ boyle-heights/commercial-lighting-installation-retrofitting
[639/842] ✅ boyle-heights/residential-ev-charger-installation
[640/842] ✅ boyle-heights/commercial-ev-charger-installation
[641/842] ✅ boyle-heights/residential-exhaust-fan-ventilation-wiring
[642/842] ✅ boyle-heights/commercial-exhaust-fan-ventilation-wiring
[643/842] ✅ sherman-oaks/residential-ceiling-fan-fixture-installation
[644/842] ✅ sherman-oaks/commercial-ceiling-fan-fixture-installation
[645/842] ✅ sherman-oaks/residential-security-motion-lighting
[646/842] ✅ sherman-oaks/commercial-security-motion-lighting
[647/842] ✅ sherman-oaks/residential-landscape-outdoor-lighting
[648/842] ✅ sherman-oaks/commercial-landscape-outdoor-lighting
[649/842] ✅ sherman-oaks/residential-breaker-panel-service-maintenance
[650/842] ✅ sherman-oaks/commercial-breaker-panel-service-maintenance
[651/842] ✅ sherman-oaks/residential-electrical-panel-upgrades
[652/842] ✅ sherman-oaks/commercial-electrical-panel-upgrades
[653/842] ✅ sherman-oaks/residential-smart-automation-systems
[654/842] ✅ sherman-oaks/commercial-smart-automation-systems
[655/842] ✅ sherman-oaks/residential-electrical-code-compliance-corrections
[656/842] ✅ sherman-oaks/commercial-electrical-code-compliance-corrections
[657/842] ✅ sherman-oaks/residential-whole-building-surge-protection
[658/842] ✅ sherman-oaks/commercial-whole-building-surge-protection
[659/842] ✅ sherman-oaks/residential-data-network-av-wiring
[660/842] ✅ sherman-oaks/commercial-data-network-av-wiring
[661/842] ✅ sherman-oaks/residential-complete-electrical-rewiring
[662/842] ✅ sherman-oaks/commercial-complete-electrical-rewiring
[663/842] ✅ sherman-oaks/residential-outlet-switch-dimmer-services
[664/842] ✅ sherman-oaks/commercial-outlet-switch-dimmer-services
[665/842] ✅ sherman-oaks/residential-backup-generator-installation
[666/842] ✅ sherman-oaks/commercial-backup-generator-installation
[667/842] ✅ sherman-oaks/residential-electrical-safety-inspections
[668/842] ✅ sherman-oaks/commercial-electrical-safety-inspections
[669/842] ✅ sherman-oaks/residential-pool-hot-tub-spa-electrical
[670/842] ✅ sherman-oaks/commercial-pool-hot-tub-spa-electrical
[671/842] ✅ sherman-oaks/residential-electrical-troubleshooting-repairs
[672/842] ✅ sherman-oaks/commercial-electrical-troubleshooting-repairs
[673/842] ✅ sherman-oaks/residential-dedicated-equipment-circuits
[674/842] ✅ sherman-oaks/commercial-dedicated-equipment-circuits
[675/842] ✅ sherman-oaks/residential-energy-efficiency-upgrades
[676/842] ✅ sherman-oaks/commercial-energy-efficiency-upgrades
[677/842] ✅ sherman-oaks/residential-lighting-installation-retrofitting
[678/842] ✅ sherman-oaks/commercial-lighting-installation-retrofitting
[679/842] ✅ sherman-oaks/residential-ev-charger-installation
[680/842] ✅ sherman-oaks/commercial-ev-charger-installation
[681/842] ✅ sherman-oaks/residential-exhaust-fan-ventilation-wiring
[682/842] ✅ sherman-oaks/commercial-exhaust-fan-ventilation-wiring
[683/842] ✅ inglewood/residential-ceiling-fan-fixture-installation
[684/842] ✅ inglewood/commercial-ceiling-fan-fixture-installation
[685/842] ✅ inglewood/residential-security-motion-lighting
[686/842] ✅ inglewood/commercial-security-motion-lighting
[687/842] ✅ inglewood/residential-landscape-outdoor-lighting
[688/842] ✅ inglewood/commercial-landscape-outdoor-lighting
[689/842] ✅ inglewood/residential-breaker-panel-service-maintenance
[690/842] ✅ inglewood/commercial-breaker-panel-service-maintenance
[691/842] ✅ inglewood/residential-electrical-panel-upgrades
[692/842] ✅ inglewood/commercial-electrical-panel-upgrades
[693/842] ✅ inglewood/residential-smart-automation-systems
[694/842] ✅ inglewood/commercial-smart-automation-systems
[695/842] ✅ inglewood/residential-electrical-code-compliance-corrections
[696/842] ✅ inglewood/commercial-electrical-code-compliance-corrections
[697/842] ✅ inglewood/residential-whole-building-surge-protection
[698/842] ✅ inglewood/commercial-whole-building-surge-protection
[699/842] ✅ inglewood/residential-data-network-av-wiring
[700/842] ✅ inglewood/commercial-data-network-av-wiring
[701/842] ✅ inglewood/residential-complete-electrical-rewiring
[702/842] ✅ inglewood/commercial-complete-electrical-rewiring
[703/842] ✅ inglewood/residential-outlet-switch-dimmer-services
[704/842] ✅ inglewood/commercial-outlet-switch-dimmer-services
[705/842] ✅ inglewood/residential-backup-generator-installation
[706/842] ✅ inglewood/commercial-backup-generator-installation
[707/842] ✅ inglewood/residential-electrical-safety-inspections
[708/842] ✅ inglewood/commercial-electrical-safety-inspections
[709/842] ✅ inglewood/residential-pool-hot-tub-spa-electrical
[710/842] ✅ inglewood/commercial-pool-hot-tub-spa-electrical
[711/842] ✅ inglewood/residential-electrical-troubleshooting-repairs
[712/842] ✅ inglewood/commercial-electrical-troubleshooting-repairs
[713/842] ✅ inglewood/residential-dedicated-equipment-circuits
[714/842] ✅ inglewood/commercial-dedicated-equipment-circuits
[715/842] ✅ inglewood/residential-energy-efficiency-upgrades
[716/842] ✅ inglewood/commercial-energy-efficiency-upgrades
[717/842] ✅ inglewood/residential-lighting-installation-retrofitting
[718/842] ✅ inglewood/commercial-lighting-installation-retrofitting
[719/842] ✅ inglewood/residential-ev-charger-installation
[720/842] ✅ inglewood/commercial-ev-charger-installation
[721/842] ✅ inglewood/residential-exhaust-fan-ventilation-wiring
[722/842] ✅ inglewood/commercial-exhaust-fan-ventilation-wiring
[723/842] ✅ silver-lake/residential-ceiling-fan-fixture-installation
[724/842] ✅ silver-lake/commercial-ceiling-fan-fixture-installation
[725/842] ✅ silver-lake/residential-security-motion-lighting
[726/842] ✅ silver-lake/commercial-security-motion-lighting
[727/842] ✅ silver-lake/residential-landscape-outdoor-lighting
[728/842] ✅ silver-lake/commercial-landscape-outdoor-lighting
[729/842] ✅ silver-lake/residential-breaker-panel-service-maintenance
[730/842] ✅ silver-lake/commercial-breaker-panel-service-maintenance
[731/842] ✅ silver-lake/residential-electrical-panel-upgrades
[732/842] ✅ silver-lake/commercial-electrical-panel-upgrades
[733/842] ✅ silver-lake/residential-smart-automation-systems
[734/842] ✅ silver-lake/commercial-smart-automation-systems
[735/842] ✅ silver-lake/residential-electrical-code-compliance-corrections
[736/842] ✅ silver-lake/commercial-electrical-code-compliance-corrections
[737/842] ✅ silver-lake/residential-whole-building-surge-protection
[738/842] ✅ silver-lake/commercial-whole-building-surge-protection
[739/842] ✅ silver-lake/residential-data-network-av-wiring
[740/842] ✅ silver-lake/commercial-data-network-av-wiring
[741/842] ✅ silver-lake/residential-complete-electrical-rewiring
[742/842] ✅ silver-lake/commercial-complete-electrical-rewiring
[743/842] ✅ silver-lake/residential-outlet-switch-dimmer-services
[744/842] ✅ silver-lake/commercial-outlet-switch-dimmer-services
[745/842] ✅ silver-lake/residential-backup-generator-installation
[746/842] ✅ silver-lake/commercial-backup-generator-installation
[747/842] ✅ silver-lake/residential-electrical-safety-inspections
[748/842] ✅ silver-lake/commercial-electrical-safety-inspections
[749/842] ✅ silver-lake/residential-pool-hot-tub-spa-electrical
[750/842] ✅ silver-lake/commercial-pool-hot-tub-spa-electrical
[751/842] ✅ silver-lake/residential-electrical-troubleshooting-repairs
[752/842] ✅ silver-lake/commercial-electrical-troubleshooting-repairs
[753/842] ✅ silver-lake/residential-dedicated-equipment-circuits
[754/842] ✅ silver-lake/commercial-dedicated-equipment-circuits
[755/842] ✅ silver-lake/residential-energy-efficiency-upgrades
[756/842] ✅ silver-lake/commercial-energy-efficiency-upgrades
[757/842] ✅ silver-lake/residential-lighting-installation-retrofitting
[758/842] ✅ silver-lake/commercial-lighting-installation-retrofitting
[759/842] ✅ silver-lake/residential-ev-charger-installation
[760/842] ✅ silver-lake/commercial-ev-charger-installation
[761/842] ✅ silver-lake/residential-exhaust-fan-ventilation-wiring
[762/842] ✅ silver-lake/commercial-exhaust-fan-ventilation-wiring
[763/842] ✅ santa-monica/residential-ceiling-fan-fixture-installation
[764/842] ✅ santa-monica/commercial-ceiling-fan-fixture-installation
[765/842] ✅ santa-monica/residential-security-motion-lighting
[766/842] ✅ santa-monica/commercial-security-motion-lighting
[767/842] ✅ santa-monica/residential-landscape-outdoor-lighting
[768/842] ✅ santa-monica/commercial-landscape-outdoor-lighting
[769/842] ✅ santa-monica/residential-breaker-panel-service-maintenance
[770/842] ✅ santa-monica/commercial-breaker-panel-service-maintenance
[771/842] ✅ santa-monica/residential-electrical-panel-upgrades
[772/842] ✅ santa-monica/commercial-electrical-panel-upgrades
[773/842] ✅ santa-monica/residential-smart-automation-systems
[774/842] ✅ santa-monica/commercial-smart-automation-systems
[775/842] ✅ santa-monica/residential-electrical-code-compliance-corrections
[776/842] ✅ santa-monica/commercial-electrical-code-compliance-corrections
[777/842] ✅ santa-monica/residential-whole-building-surge-protection
[778/842] ✅ santa-monica/commercial-whole-building-surge-protection
[779/842] ✅ santa-monica/residential-data-network-av-wiring
[780/842] ✅ santa-monica/commercial-data-network-av-wiring
[781/842] ✅ santa-monica/residential-complete-electrical-rewiring
[782/842] ✅ santa-monica/commercial-complete-electrical-rewiring
[783/842] ✅ santa-monica/residential-outlet-switch-dimmer-services
[784/842] ✅ santa-monica/commercial-outlet-switch-dimmer-services
[785/842] ✅ santa-monica/residential-backup-generator-installation
[786/842] ✅ santa-monica/commercial-backup-generator-installation
[787/842] ✅ santa-monica/residential-electrical-safety-inspections
[788/842] ✅ santa-monica/commercial-electrical-safety-inspections
[789/842] ✅ santa-monica/residential-pool-hot-tub-spa-electrical
[790/842] ✅ santa-monica/commercial-pool-hot-tub-spa-electrical
[791/842] ✅ santa-monica/residential-electrical-troubleshooting-repairs
[792/842] ✅ santa-monica/commercial-electrical-troubleshooting-repairs
[793/842] ✅ santa-monica/residential-dedicated-equipment-circuits
[794/842] ✅ santa-monica/commercial-dedicated-equipment-circuits
[795/842] ✅ santa-monica/residential-energy-efficiency-upgrades
[796/842] ✅ santa-monica/commercial-energy-efficiency-upgrades
[797/842] ✅ santa-monica/residential-lighting-installation-retrofitting
[798/842] ✅ santa-monica/commercial-lighting-installation-retrofitting
[799/842] ✅ santa-monica/residential-ev-charger-installation
[800/842] ✅ santa-monica/commercial-ev-charger-installation
[801/842] ✅ santa-monica/residential-exhaust-fan-ventilation-wiring
[802/842] ✅ santa-monica/commercial-exhaust-fan-ventilation-wiring
[803/842] ✅ torrance/residential-ceiling-fan-fixture-installation
[804/842] ✅ torrance/commercial-ceiling-fan-fixture-installation
[805/842] ✅ torrance/residential-security-motion-lighting
[806/842] ✅ torrance/commercial-security-motion-lighting
[807/842] ✅ torrance/residential-landscape-outdoor-lighting
[808/842] ✅ torrance/commercial-landscape-outdoor-lighting
[809/842] ✅ torrance/residential-breaker-panel-service-maintenance
[810/842] ✅ torrance/commercial-breaker-panel-service-maintenance
[811/842] ✅ torrance/residential-electrical-panel-upgrades
[812/842] ✅ torrance/commercial-electrical-panel-upgrades
[813/842] ✅ torrance/residential-smart-automation-systems
[814/842] ✅ torrance/commercial-smart-automation-systems
[815/842] ✅ torrance/residential-electrical-code-compliance-corrections
[816/842] ✅ torrance/commercial-electrical-code-compliance-corrections
[817/842] ✅ torrance/residential-whole-building-surge-protection
[818/842] ✅ torrance/commercial-whole-building-surge-protection
[819/842] ✅ torrance/residential-data-network-av-wiring
[820/842] ✅ torrance/commercial-data-network-av-wiring
[821/842] ✅ torrance/residential-complete-electrical-rewiring
[822/842] ✅ torrance/commercial-complete-electrical-rewiring
[823/842] ✅ torrance/residential-outlet-switch-dimmer-services
[824/842] ✅ torrance/commercial-outlet-switch-dimmer-services
[825/842] ✅ torrance/residential-backup-generator-installation
[826/842] ✅ torrance/commercial-backup-generator-installation
[827/842] ✅ torrance/residential-electrical-safety-inspections
[828/842] ✅ torrance/commercial-electrical-safety-inspections
[829/842] ✅ torrance/residential-pool-hot-tub-spa-electrical
[830/842] ✅ torrance/commercial-pool-hot-tub-spa-electrical
[831/842] ✅ torrance/residential-electrical-troubleshooting-repairs
[832/842] ✅ torrance/commercial-electrical-troubleshooting-repairs
[833/842] ✅ torrance/residential-dedicated-equipment-circuits
[834/842] ✅ torrance/commercial-dedicated-equipment-circuits
[835/842] ✅ torrance/residential-energy-efficiency-upgrades
[836/842] ✅ torrance/commercial-energy-efficiency-upgrades
[837/842] ✅ torrance/residential-lighting-installation-retrofitting
[838/842] ✅ torrance/commercial-lighting-installation-retrofitting
[839/842] ✅ torrance/residential-ev-charger-installation
[840/842] ✅ torrance/commercial-ev-charger-installation
[841/842] ✅ torrance/residential-exhaust-fan-ventilation-wiring
[842/842] ✅ torrance/commercial-exhaust-fan-ventilation-wiring

--- COMPLETED ---
Successfully updated: 842 pages
Failed: 0 pages
Total processed: 842 pages
