================================================================================
ASYNC ENHANCED PAGE GENERATION
Max Concurrent: 10
================================================================================
Started: 2025-10-16 23:11:09
================================================================================
Loaded config:
  Locations: 20
  Services: 20
  Client Types: 2
  Total Pages: 800
  Estimated Cost: ~$24.00
  Max Concurrent: 10
================================================================================

Starting async generation...
================================================================================

[1/800] Commercial EV Charger Installation in Silver Lake
  ⏭️  Already exists, skipping...
[2/800] Residential EV Charger Installation in Silver Lake
  ⏭️  Already exists, skipping...
[3/800] Commercial Electrical Panel Upgrades in Silver Lake
  ⏭️  Already exists, skipping...
[4/800] Residential Electrical Panel Upgrades in Silver Lake
  ⏭️  Already exists, skipping...
[5/800] Commercial Lighting Installation & Retrofitting in Silver Lake
  ⏭️  Already exists, skipping...
[6/800] Residential Lighting Installation & Retrofitting in Silver Lake
  ⏭️  Already exists, skipping...
[7/800] Commercial Complete Electrical Rewiring in Silver Lake
  ⏭️  Already exists, skipping...
[8/800] Residential Complete Electrical Rewiring in Silver Lake
  ⏭️  Already exists, skipping...
[9/800] Commercial Backup Generator Installation in Silver Lake
  ⏭️  Already exists, skipping...
[10/800] Residential Backup Generator Installation in Silver Lake
  ⏭️  Already exists, skipping...
[11/800] Commercial Smart Automation Systems in Silver Lake
  ⏭️  Already exists, skipping...
[12/800] Residential Smart Automation Systems in Silver Lake
  ⏭️  Already exists, skipping...
[13/800] Commercial Security & Motion Lighting in Silver Lake
  ⏭️  Already exists, skipping...
[14/800] Residential Security & Motion Lighting in Silver Lake
  ⏭️  Already exists, skipping...
[15/800] Commercial Landscape & Outdoor Lighting in Silver Lake
  ⏭️  Already exists, skipping...
[16/800] Residential Landscape & Outdoor Lighting in Silver Lake
  ⏭️  Already exists, skipping...
[17/800] Commercial Ceiling Fan & Fixture Installation in Silver Lake
  ⏭️  Already exists, skipping...
[18/800] Residential Ceiling Fan & Fixture Installation in Silver Lake
  ⏭️  Already exists, skipping...
[19/800] Commercial Outlet, Switch & Dimmer Services in Silver Lake
  ⏭️  Already exists, skipping...
[20/800] Residential Outlet, Switch & Dimmer Services in Silver Lake
  ⏭️  Already exists, skipping...
[21/800] Commercial Electrical Safety Inspections in Silver Lake
  ⏭️  Already exists, skipping...
[22/800] Residential Electrical Safety Inspections in Silver Lake
  ⏭️  Already exists, skipping...
[23/800] Commercial Whole-Building Surge Protection in Silver Lake
  ⏭️  Already exists, skipping...
[24/800] Residential Whole-Building Surge Protection in Silver Lake
  ⏭️  Already exists, skipping...
[25/800] Commercial Dedicated Equipment Circuits in Silver Lake
  ⏭️  Already exists, skipping...
[26/800] Residential Dedicated Equipment Circuits in Silver Lake
  ⏭️  Already exists, skipping...
[27/800] Commercial Data, Network & AV Wiring in Silver Lake
  ⏭️  Already exists, skipping...
[28/800] Residential Data, Network & AV Wiring in Silver Lake
  ⏭️  Already exists, skipping...
[29/800] Commercial Pool, Hot Tub & Spa Electrical in Silver Lake
  ⏭️  Already exists, skipping...
[30/800] Residential Pool, Hot Tub & Spa Electrical in Silver Lake
  ⏭️  Already exists, skipping...
[31/800] Commercial Electrical Troubleshooting & Repairs in Silver Lake
  ⏭️  Already exists, skipping...
[32/800] Residential Electrical Troubleshooting & Repairs in Silver Lake
  ⏭️  Already exists, skipping...
[33/800] Commercial Electrical Code Compliance & Corrections in Silver Lake
  ⏭️  Already exists, skipping...
[34/800] Residential Electrical Code Compliance & Corrections in Silver Lake
  ⏭️  Already exists, skipping...
[35/800] Commercial Exhaust Fan & Ventilation Wiring in Silver Lake
  ⏭️  Already exists, skipping...
[36/800] Residential Exhaust Fan & Ventilation Wiring in Silver Lake
  ⏭️  Already exists, skipping...
[37/800] Commercial Breaker Panel Service & Maintenance in Silver Lake
  ⏭️  Already exists, skipping...
[38/800] Residential Breaker Panel Service & Maintenance in Silver Lake
  ⏭️  Already exists, skipping...
[39/800] Commercial Energy Efficiency Upgrades in Silver Lake
  ⏭️  Already exists, skipping...
[40/800] Residential Energy Efficiency Upgrades in Silver Lake
  ⏭️  Already exists, skipping...
[41/800] Commercial EV Charger Installation in Santa Clarita
  ⏭️  Already exists, skipping...
[42/800] Residential EV Charger Installation in Santa Clarita
  ⏭️  Already exists, skipping...
[43/800] Commercial Electrical Panel Upgrades in Santa Clarita
  ⏭️  Already exists, skipping...
[44/800] Residential Electrical Panel Upgrades in Santa Clarita
  ⏭️  Already exists, skipping...
[45/800] Commercial Lighting Installation & Retrofitting in Santa Clarita
  ⏭️  Already exists, skipping...
[46/800] Residential Lighting Installation & Retrofitting in Santa Clarita
  ⏭️  Already exists, skipping...
[47/800] Commercial Complete Electrical Rewiring in Santa Clarita
  ⏭️  Already exists, skipping...
[48/800] Residential Complete Electrical Rewiring in Santa Clarita
  ⏭️  Already exists, skipping...
[49/800] Commercial Backup Generator Installation in Santa Clarita
  ⏭️  Already exists, skipping...
[50/800] Residential Backup Generator Installation in Santa Clarita
  ⏭️  Already exists, skipping...
[51/800] Commercial Smart Automation Systems in Santa Clarita
  ⏭️  Already exists, skipping...
[52/800] Residential Smart Automation Systems in Santa Clarita
  ⏭️  Already exists, skipping...
[53/800] Commercial Security & Motion Lighting in Santa Clarita
  ⏭️  Already exists, skipping...
[54/800] Residential Security & Motion Lighting in Santa Clarita
  ⏭️  Already exists, skipping...
[55/800] Commercial Landscape & Outdoor Lighting in Santa Clarita
  ⏭️  Already exists, skipping...
[56/800] Residential Landscape & Outdoor Lighting in Santa Clarita
  ⏭️  Already exists, skipping...
[57/800] Commercial Ceiling Fan & Fixture Installation in Santa Clarita
  ⏭️  Already exists, skipping...
[58/800] Residential Ceiling Fan & Fixture Installation in Santa Clarita
  ⏭️  Already exists, skipping...
[59/800] Commercial Outlet, Switch & Dimmer Services in Santa Clarita
  ⏭️  Already exists, skipping...
[60/800] Residential Outlet, Switch & Dimmer Services in Santa Clarita
  ⏭️  Already exists, skipping...
[61/800] Commercial Electrical Safety Inspections in Santa Clarita
  ⏭️  Already exists, skipping...
[62/800] Residential Electrical Safety Inspections in Santa Clarita
  ⏭️  Already exists, skipping...
[63/800] Commercial Whole-Building Surge Protection in Santa Clarita
  ⏭️  Already exists, skipping...
[64/800] Residential Whole-Building Surge Protection in Santa Clarita
  ⏭️  Already exists, skipping...
[65/800] Commercial Dedicated Equipment Circuits in Santa Clarita
  ⏭️  Already exists, skipping...
[66/800] Residential Dedicated Equipment Circuits in Santa Clarita
  ⏭️  Already exists, skipping...
[67/800] Commercial Data, Network & AV Wiring in Santa Clarita
  ⏭️  Already exists, skipping...
[68/800] Residential Data, Network & AV Wiring in Santa Clarita
  ⏭️  Already exists, skipping...
[69/800] Commercial Pool, Hot Tub & Spa Electrical in Santa Clarita
  ⏭️  Already exists, skipping...
[70/800] Residential Pool, Hot Tub & Spa Electrical in Santa Clarita
  ⏭️  Already exists, skipping...
[71/800] Commercial Electrical Troubleshooting & Repairs in Santa Clarita
  ⏭️  Already exists, skipping...
[72/800] Residential Electrical Troubleshooting & Repairs in Santa Clarita
  ⏭️  Already exists, skipping...
[73/800] Commercial Electrical Code Compliance & Corrections in Santa Clarita
  ⏭️  Already exists, skipping...
[74/800] Residential Electrical Code Compliance & Corrections in Santa Clarita
  ⏭️  Already exists, skipping...
[75/800] Commercial Exhaust Fan & Ventilation Wiring in Santa Clarita
  ⏭️  Already exists, skipping...
[76/800] Residential Exhaust Fan & Ventilation Wiring in Santa Clarita
  ⏭️  Already exists, skipping...
[77/800] Commercial Breaker Panel Service & Maintenance in Santa Clarita
  ⏭️  Already exists, skipping...
[78/800] Residential Breaker Panel Service & Maintenance in Santa Clarita
  ⏭️  Already exists, skipping...
[79/800] Commercial Energy Efficiency Upgrades in Santa Clarita
  ⏭️  Already exists, skipping...
[80/800] Residential Energy Efficiency Upgrades in Santa Clarita
  ⏭️  Already exists, skipping...
[81/800] Commercial EV Charger Installation in Echo Park
  ⏭️  Already exists, skipping...
[82/800] Residential EV Charger Installation in Echo Park
  ⏭️  Already exists, skipping...
[83/800] Commercial Electrical Panel Upgrades in Echo Park
  ⏭️  Already exists, skipping...
[84/800] Residential Electrical Panel Upgrades in Echo Park
  ⏭️  Already exists, skipping...
[85/800] Commercial Lighting Installation & Retrofitting in Echo Park
  ⏭️  Already exists, skipping...
[86/800] Residential Lighting Installation & Retrofitting in Echo Park
  ⏭️  Already exists, skipping...
[87/800] Commercial Complete Electrical Rewiring in Echo Park
  ⏭️  Already exists, skipping...
[88/800] Residential Complete Electrical Rewiring in Echo Park
  ⏭️  Already exists, skipping...
[89/800] Commercial Backup Generator Installation in Echo Park
  ⏭️  Already exists, skipping...
[90/800] Residential Backup Generator Installation in Echo Park
  ⏭️  Already exists, skipping...
[91/800] Commercial Smart Automation Systems in Echo Park
  ⏭️  Already exists, skipping...
[92/800] Residential Smart Automation Systems in Echo Park
  ⏭️  Already exists, skipping...
[93/800] Commercial Security & Motion Lighting in Echo Park
  ⏭️  Already exists, skipping...
[94/800] Residential Security & Motion Lighting in Echo Park
  ⏭️  Already exists, skipping...
[95/800] Commercial Landscape & Outdoor Lighting in Echo Park
  ⏭️  Already exists, skipping...
[96/800] Residential Landscape & Outdoor Lighting in Echo Park
  ⏭️  Already exists, skipping...
[97/800] Commercial Ceiling Fan & Fixture Installation in Echo Park
  ⏭️  Already exists, skipping...
[98/800] Residential Ceiling Fan & Fixture Installation in Echo Park
  ⏭️  Already exists, skipping...
[99/800] Commercial Outlet, Switch & Dimmer Services in Echo Park
  ⏭️  Already exists, skipping...
[100/800] Residential Outlet, Switch & Dimmer Services in Echo Park
  ⏭️  Already exists, skipping...
[101/800] Commercial Electrical Safety Inspections in Echo Park
  ⏭️  Already exists, skipping...
[102/800] Residential Electrical Safety Inspections in Echo Park
  ⏭️  Already exists, skipping...
[103/800] Commercial Whole-Building Surge Protection in Echo Park
  ⏭️  Already exists, skipping...
[104/800] Residential Whole-Building Surge Protection in Echo Park
  ⏭️  Already exists, skipping...
[105/800] Commercial Dedicated Equipment Circuits in Echo Park
  ⏭️  Already exists, skipping...
[106/800] Residential Dedicated Equipment Circuits in Echo Park
  ⏭️  Already exists, skipping...
[107/800] Commercial Data, Network & AV Wiring in Echo Park
  ⏭️  Already exists, skipping...
[108/800] Residential Data, Network & AV Wiring in Echo Park
  ⏭️  Already exists, skipping...
[109/800] Commercial Pool, Hot Tub & Spa Electrical in Echo Park
  ⏭️  Already exists, skipping...
[110/800] Residential Pool, Hot Tub & Spa Electrical in Echo Park
  ⏭️  Already exists, skipping...
[111/800] Commercial Electrical Troubleshooting & Repairs in Echo Park
  ⏭️  Already exists, skipping...
[112/800] Residential Electrical Troubleshooting & Repairs in Echo Park
  ⏭️  Already exists, skipping...
[113/800] Commercial Electrical Code Compliance & Corrections in Echo Park
  ⏭️  Already exists, skipping...
[114/800] Residential Electrical Code Compliance & Corrections in Echo Park
  ⏭️  Already exists, skipping...
[115/800] Commercial Exhaust Fan & Ventilation Wiring in Echo Park
  ⏭️  Already exists, skipping...
[116/800] Residential Exhaust Fan & Ventilation Wiring in Echo Park
  ⏭️  Already exists, skipping...
[117/800] Commercial Breaker Panel Service & Maintenance in Echo Park
  ⏭️  Already exists, skipping...
[118/800] Residential Breaker Panel Service & Maintenance in Echo Park
  ⏭️  Already exists, skipping...
[119/800] Commercial Energy Efficiency Upgrades in Echo Park
  ⏭️  Already exists, skipping...
[120/800] Residential Energy Efficiency Upgrades in Echo Park
  ⏭️  Already exists, skipping...
[121/800] Commercial EV Charger Installation in Los Feliz
  ⏭️  Already exists, skipping...
[122/800] Residential EV Charger Installation in Los Feliz
  ⏭️  Already exists, skipping...
[123/800] Commercial Electrical Panel Upgrades in Los Feliz
  ⏭️  Already exists, skipping...
[124/800] Residential Electrical Panel Upgrades in Los Feliz
  ⏭️  Already exists, skipping...
[125/800] Commercial Lighting Installation & Retrofitting in Los Feliz
  ⏭️  Already exists, skipping...
[126/800] Residential Lighting Installation & Retrofitting in Los Feliz
  ⏭️  Already exists, skipping...
[127/800] Commercial Complete Electrical Rewiring in Los Feliz
  ⏭️  Already exists, skipping...
[128/800] Residential Complete Electrical Rewiring in Los Feliz
  ⏭️  Already exists, skipping...
[129/800] Commercial Backup Generator Installation in Los Feliz
  ⏭️  Already exists, skipping...
[130/800] Residential Backup Generator Installation in Los Feliz
  ⏭️  Already exists, skipping...
[131/800] Commercial Smart Automation Systems in Los Feliz
  ⏭️  Already exists, skipping...
[132/800] Residential Smart Automation Systems in Los Feliz
  ⏭️  Already exists, skipping...
[133/800] Commercial Security & Motion Lighting in Los Feliz
  ⏭️  Already exists, skipping...
[134/800] Residential Security & Motion Lighting in Los Feliz
  ⏭️  Already exists, skipping...
[135/800] Commercial Landscape & Outdoor Lighting in Los Feliz
  ⏭️  Already exists, skipping...
[136/800] Residential Landscape & Outdoor Lighting in Los Feliz
  ⏭️  Already exists, skipping...
[137/800] Commercial Ceiling Fan & Fixture Installation in Los Feliz
  ⏭️  Already exists, skipping...
[138/800] Residential Ceiling Fan & Fixture Installation in Los Feliz
  ⏭️  Already exists, skipping...
[139/800] Commercial Outlet, Switch & Dimmer Services in Los Feliz
  ⏭️  Already exists, skipping...
[140/800] Residential Outlet, Switch & Dimmer Services in Los Feliz
  ⏭️  Already exists, skipping...
[141/800] Commercial Electrical Safety Inspections in Los Feliz
  ⏭️  Already exists, skipping...
[142/800] Residential Electrical Safety Inspections in Los Feliz
  ⏭️  Already exists, skipping...
[143/800] Commercial Whole-Building Surge Protection in Los Feliz
  ⏭️  Already exists, skipping...
[144/800] Residential Whole-Building Surge Protection in Los Feliz
  ⏭️  Already exists, skipping...
[145/800] Commercial Dedicated Equipment Circuits in Los Feliz
  ⏭️  Already exists, skipping...
[146/800] Residential Dedicated Equipment Circuits in Los Feliz
  ⏭️  Already exists, skipping...
[147/800] Commercial Data, Network & AV Wiring in Los Feliz
  ⏭️  Already exists, skipping...
[148/800] Residential Data, Network & AV Wiring in Los Feliz
  ⏭️  Already exists, skipping...
[149/800] Commercial Pool, Hot Tub & Spa Electrical in Los Feliz
  ⏭️  Already exists, skipping...
[150/800] Residential Pool, Hot Tub & Spa Electrical in Los Feliz
  ⏭️  Already exists, skipping...
[151/800] Commercial Electrical Troubleshooting & Repairs in Los Feliz
  ⏭️  Already exists, skipping...
[152/800] Residential Electrical Troubleshooting & Repairs in Los Feliz
  ⏭️  Already exists, skipping...
[153/800] Commercial Electrical Code Compliance & Corrections in Los Feliz
  ⏭️  Already exists, skipping...
[154/800] Residential Electrical Code Compliance & Corrections in Los Feliz
  ⏭️  Already exists, skipping...
[155/800] Commercial Exhaust Fan & Ventilation Wiring in Los Feliz
  ⏭️  Already exists, skipping...
[156/800] Residential Exhaust Fan & Ventilation Wiring in Los Feliz
  ⏭️  Already exists, skipping...
[157/800] Commercial Breaker Panel Service & Maintenance in Los Feliz
  ⏭️  Already exists, skipping...
[158/800] Residential Breaker Panel Service & Maintenance in Los Feliz
  ⏭️  Already exists, skipping...
[159/800] Commercial Energy Efficiency Upgrades in Los Feliz
  ⏭️  Already exists, skipping...
[160/800] Residential Energy Efficiency Upgrades in Los Feliz
  ⏭️  Already exists, skipping...
[161/800] Commercial EV Charger Installation in Highland Park
  ⏭️  Already exists, skipping...
[162/800] Residential EV Charger Installation in Highland Park
  ⏭️  Already exists, skipping...
[163/800] Commercial Electrical Panel Upgrades in Highland Park
  ⏭️  Already exists, skipping...
[164/800] Residential Electrical Panel Upgrades in Highland Park
  ⏭️  Already exists, skipping...
[165/800] Commercial Lighting Installation & Retrofitting in Highland Park
  ⏭️  Already exists, skipping...
[166/800] Residential Lighting Installation & Retrofitting in Highland Park
  ⏭️  Already exists, skipping...
[167/800] Commercial Complete Electrical Rewiring in Highland Park
  ⏭️  Already exists, skipping...
[168/800] Residential Complete Electrical Rewiring in Highland Park
  ⏭️  Already exists, skipping...
[169/800] Commercial Backup Generator Installation in Highland Park
  ⏭️  Already exists, skipping...
[170/800] Residential Backup Generator Installation in Highland Park
  ⏭️  Already exists, skipping...
[171/800] Commercial Smart Automation Systems in Highland Park
  ⏭️  Already exists, skipping...
[172/800] Residential Smart Automation Systems in Highland Park
  ⏭️  Already exists, skipping...
[173/800] Commercial Security & Motion Lighting in Highland Park
  ⏭️  Already exists, skipping...
[174/800] Residential Security & Motion Lighting in Highland Park
  ⏭️  Already exists, skipping...
[175/800] Commercial Landscape & Outdoor Lighting in Highland Park
  ⏭️  Already exists, skipping...
[176/800] Residential Landscape & Outdoor Lighting in Highland Park
  ⏭️  Already exists, skipping...
[177/800] Commercial Ceiling Fan & Fixture Installation in Highland Park
  ⏭️  Already exists, skipping...
[178/800] Residential Ceiling Fan & Fixture Installation in Highland Park
  ⏭️  Already exists, skipping...
[179/800] Commercial Outlet, Switch & Dimmer Services in Highland Park
  ⏭️  Already exists, skipping...
[180/800] Residential Outlet, Switch & Dimmer Services in Highland Park
  ⏭️  Already exists, skipping...
[181/800] Commercial Electrical Safety Inspections in Highland Park
  ⏭️  Already exists, skipping...
[182/800] Residential Electrical Safety Inspections in Highland Park
  ⏭️  Already exists, skipping...
[183/800] Commercial Whole-Building Surge Protection in Highland Park
  ⏭️  Already exists, skipping...
[184/800] Residential Whole-Building Surge Protection in Highland Park
  ⏭️  Already exists, skipping...
[185/800] Commercial Dedicated Equipment Circuits in Highland Park
  ⏭️  Already exists, skipping...
[186/800] Residential Dedicated Equipment Circuits in Highland Park
  ⏭️  Already exists, skipping...
[187/800] Commercial Data, Network & AV Wiring in Highland Park
  ⏭️  Already exists, skipping...
[188/800] Residential Data, Network & AV Wiring in Highland Park
  ⏭️  Already exists, skipping...
[189/800] Commercial Pool, Hot Tub & Spa Electrical in Highland Park
  ⏭️  Already exists, skipping...
[190/800] Residential Pool, Hot Tub & Spa Electrical in Highland Park
  ⏭️  Already exists, skipping...
[191/800] Commercial Electrical Troubleshooting & Repairs in Highland Park
  ⏭️  Already exists, skipping...
[192/800] Residential Electrical Troubleshooting & Repairs in Highland Park
  ⏭️  Already exists, skipping...
[193/800] Commercial Electrical Code Compliance & Corrections in Highland Park
  ⏭️  Already exists, skipping...
[194/800] Residential Electrical Code Compliance & Corrections in Highland Park
  ⏭️  Already exists, skipping...
[195/800] Commercial Exhaust Fan & Ventilation Wiring in Highland Park
  ⏭️  Already exists, skipping...
[196/800] Residential Exhaust Fan & Ventilation Wiring in Highland Park
  ⏭️  Already exists, skipping...
[197/800] Commercial Breaker Panel Service & Maintenance in Highland Park
  ⏭️  Already exists, skipping...
[198/800] Residential Breaker Panel Service & Maintenance in Highland Park
  ⏭️  Already exists, skipping...
[199/800] Commercial Energy Efficiency Upgrades in Highland Park
  ⏭️  Already exists, skipping...
[200/800] Residential Energy Efficiency Upgrades in Highland Park
  ⏭️  Already exists, skipping...
[201/800] Commercial EV Charger Installation in Boyle Heights
  ⏭️  Already exists, skipping...
[202/800] Residential EV Charger Installation in Boyle Heights
  ⏭️  Already exists, skipping...
[203/800] Commercial Electrical Panel Upgrades in Boyle Heights
  ⏭️  Already exists, skipping...
[204/800] Residential Electrical Panel Upgrades in Boyle Heights
  ⏭️  Already exists, skipping...
[205/800] Commercial Lighting Installation & Retrofitting in Boyle Heights
  ⏭️  Already exists, skipping...
[206/800] Residential Lighting Installation & Retrofitting in Boyle Heights
  ⏭️  Already exists, skipping...
[207/800] Commercial Complete Electrical Rewiring in Boyle Heights
  ⏭️  Already exists, skipping...
[208/800] Residential Complete Electrical Rewiring in Boyle Heights
  ⏭️  Already exists, skipping...
[209/800] Commercial Backup Generator Installation in Boyle Heights
  ⏭️  Already exists, skipping...
[210/800] Residential Backup Generator Installation in Boyle Heights
  ⏭️  Already exists, skipping...
[211/800] Commercial Smart Automation Systems in Boyle Heights
  ⏭️  Already exists, skipping...
[212/800] Residential Smart Automation Systems in Boyle Heights
  ⏭️  Already exists, skipping...
[213/800] Commercial Security & Motion Lighting in Boyle Heights
  ⏭️  Already exists, skipping...
[214/800] Residential Security & Motion Lighting in Boyle Heights
  ⏭️  Already exists, skipping...
[215/800] Commercial Landscape & Outdoor Lighting in Boyle Heights
  ⏭️  Already exists, skipping...
[216/800] Residential Landscape & Outdoor Lighting in Boyle Heights
  ⏭️  Already exists, skipping...
[217/800] Commercial Ceiling Fan & Fixture Installation in Boyle Heights
  ⏭️  Already exists, skipping...
[218/800] Residential Ceiling Fan & Fixture Installation in Boyle Heights
  ⏭️  Already exists, skipping...
[219/800] Commercial Outlet, Switch & Dimmer Services in Boyle Heights
  ⏭️  Already exists, skipping...
[220/800] Residential Outlet, Switch & Dimmer Services in Boyle Heights
  ⏭️  Already exists, skipping...
[221/800] Commercial Electrical Safety Inspections in Boyle Heights
  ⏭️  Already exists, skipping...
[222/800] Residential Electrical Safety Inspections in Boyle Heights
  ⏭️  Already exists, skipping...
[223/800] Commercial Whole-Building Surge Protection in Boyle Heights
  ⏭️  Already exists, skipping...
[224/800] Residential Whole-Building Surge Protection in Boyle Heights
  ⏭️  Already exists, skipping...
[225/800] Commercial Dedicated Equipment Circuits in Boyle Heights
  ⏭️  Already exists, skipping...
[226/800] Residential Dedicated Equipment Circuits in Boyle Heights
  ⏭️  Already exists, skipping...
[227/800] Commercial Data, Network & AV Wiring in Boyle Heights
  ⏭️  Already exists, skipping...
[228/800] Residential Data, Network & AV Wiring in Boyle Heights
  ⏭️  Already exists, skipping...
[229/800] Commercial Pool, Hot Tub & Spa Electrical in Boyle Heights
  ⏭️  Already exists, skipping...
[230/800] Residential Pool, Hot Tub & Spa Electrical in Boyle Heights
  ⏭️  Already exists, skipping...
[231/800] Commercial Electrical Troubleshooting & Repairs in Boyle Heights
  ⏭️  Already exists, skipping...
[232/800] Residential Electrical Troubleshooting & Repairs in Boyle Heights
  ⏭️  Already exists, skipping...
[233/800] Commercial Electrical Code Compliance & Corrections in Boyle Heights
  ⏭️  Already exists, skipping...
[234/800] Residential Electrical Code Compliance & Corrections in Boyle Heights
  ⏭️  Already exists, skipping...
[235/800] Commercial Exhaust Fan & Ventilation Wiring in Boyle Heights
  ⏭️  Already exists, skipping...
[236/800] Residential Exhaust Fan & Ventilation Wiring in Boyle Heights
  ⏭️  Already exists, skipping...
[237/800] Commercial Breaker Panel Service & Maintenance in Boyle Heights
  ⏭️  Already exists, skipping...
[238/800] Residential Breaker Panel Service & Maintenance in Boyle Heights
  ⏭️  Already exists, skipping...
[239/800] Commercial Energy Efficiency Upgrades in Boyle Heights
  ⏭️  Already exists, skipping...
[240/800] Residential Energy Efficiency Upgrades in Boyle Heights
  ⏭️  Already exists, skipping...
[241/800] Commercial EV Charger Installation in Atwater Village
  ⏭️  Already exists, skipping...
[242/800] Residential EV Charger Installation in Atwater Village
  ⏭️  Already exists, skipping...
[243/800] Commercial Electrical Panel Upgrades in Atwater Village
  ⏭️  Already exists, skipping...
[244/800] Residential Electrical Panel Upgrades in Atwater Village
  ⏭️  Already exists, skipping...
[245/800] Commercial Lighting Installation & Retrofitting in Atwater Village
  ⏭️  Already exists, skipping...
[246/800] Residential Lighting Installation & Retrofitting in Atwater Village
  ⏭️  Already exists, skipping...
[247/800] Commercial Complete Electrical Rewiring in Atwater Village
  ⏭️  Already exists, skipping...
[248/800] Residential Complete Electrical Rewiring in Atwater Village
  ⏭️  Already exists, skipping...
[249/800] Commercial Backup Generator Installation in Atwater Village
  ⏭️  Already exists, skipping...
[250/800] Residential Backup Generator Installation in Atwater Village
  ⏭️  Already exists, skipping...
[251/800] Commercial Smart Automation Systems in Atwater Village
  ⏭️  Already exists, skipping...
[252/800] Residential Smart Automation Systems in Atwater Village
  ⏭️  Already exists, skipping...
[253/800] Commercial Security & Motion Lighting in Atwater Village
  ⏭️  Already exists, skipping...
[254/800] Residential Security & Motion Lighting in Atwater Village
  ⏭️  Already exists, skipping...
[255/800] Commercial Landscape & Outdoor Lighting in Atwater Village
  ⏭️  Already exists, skipping...
[256/800] Residential Landscape & Outdoor Lighting in Atwater Village
  ⏭️  Already exists, skipping...
[257/800] Commercial Ceiling Fan & Fixture Installation in Atwater Village
  ⏭️  Already exists, skipping...
[258/800] Residential Ceiling Fan & Fixture Installation in Atwater Village
  ⏭️  Already exists, skipping...
[259/800] Commercial Outlet, Switch & Dimmer Services in Atwater Village
  ⏭️  Already exists, skipping...
[260/800] Residential Outlet, Switch & Dimmer Services in Atwater Village
  ⏭️  Already exists, skipping...
[261/800] Commercial Electrical Safety Inspections in Atwater Village
  ⏭️  Already exists, skipping...
[262/800] Residential Electrical Safety Inspections in Atwater Village
  ⏭️  Already exists, skipping...
[263/800] Commercial Whole-Building Surge Protection in Atwater Village
  ⏭️  Already exists, skipping...
[264/800] Residential Whole-Building Surge Protection in Atwater Village
  ⏭️  Already exists, skipping...
[265/800] Commercial Dedicated Equipment Circuits in Atwater Village
  ⏭️  Already exists, skipping...
[266/800] Residential Dedicated Equipment Circuits in Atwater Village
  ⏭️  Already exists, skipping...
[267/800] Commercial Data, Network & AV Wiring in Atwater Village
  ⏭️  Already exists, skipping...
[268/800] Residential Data, Network & AV Wiring in Atwater Village
  ⏭️  Already exists, skipping...
[269/800] Commercial Pool, Hot Tub & Spa Electrical in Atwater Village
  ⏭️  Already exists, skipping...
[270/800] Residential Pool, Hot Tub & Spa Electrical in Atwater Village
  ⏭️  Already exists, skipping...
[271/800] Commercial Electrical Troubleshooting & Repairs in Atwater Village
  ⏭️  Already exists, skipping...
[272/800] Residential Electrical Troubleshooting & Repairs in Atwater Village
  ⏭️  Already exists, skipping...
[273/800] Commercial Electrical Code Compliance & Corrections in Atwater Village
  ⏭️  Already exists, skipping...
[274/800] Residential Electrical Code Compliance & Corrections in Atwater Village
  ⏭️  Already exists, skipping...
[275/800] Commercial Exhaust Fan & Ventilation Wiring in Atwater Village
  ⏭️  Already exists, skipping...
[276/800] Residential Exhaust Fan & Ventilation Wiring in Atwater Village
  ⏭️  Already exists, skipping...
[277/800] Commercial Breaker Panel Service & Maintenance in Atwater Village
  ⏭️  Already exists, skipping...
[278/800] Residential Breaker Panel Service & Maintenance in Atwater Village
  ⏭️  Already exists, skipping...
[279/800] Commercial Energy Efficiency Upgrades in Atwater Village
  ⏭️  Already exists, skipping...
[280/800] Residential Energy Efficiency Upgrades in Atwater Village
  ⏭️  Already exists, skipping...
[281/800] Commercial EV Charger Installation in Hollywood
  ⏭️  Already exists, skipping...
[282/800] Residential EV Charger Installation in Hollywood
  ⏭️  Already exists, skipping...
[283/800] Commercial Electrical Panel Upgrades in Hollywood
  ⏭️  Already exists, skipping...
[284/800] Residential Electrical Panel Upgrades in Hollywood
  ⏭️  Already exists, skipping...
[285/800] Commercial Lighting Installation & Retrofitting in Hollywood
  ⏭️  Already exists, skipping...
[286/800] Residential Lighting Installation & Retrofitting in Hollywood
  ⏭️  Already exists, skipping...
[287/800] Commercial Complete Electrical Rewiring in Hollywood
  ⏭️  Already exists, skipping...
[288/800] Residential Complete Electrical Rewiring in Hollywood
  ⏭️  Already exists, skipping...
[289/800] Commercial Backup Generator Installation in Hollywood
  ⏭️  Already exists, skipping...
[290/800] Residential Backup Generator Installation in Hollywood
  ⏭️  Already exists, skipping...
[291/800] Commercial Smart Automation Systems in Hollywood
  ⏭️  Already exists, skipping...
[292/800] Residential Smart Automation Systems in Hollywood
  ⏭️  Already exists, skipping...
[293/800] Commercial Security & Motion Lighting in Hollywood
  ⏭️  Already exists, skipping...
[294/800] Residential Security & Motion Lighting in Hollywood
  ⏭️  Already exists, skipping...
[295/800] Commercial Landscape & Outdoor Lighting in Hollywood
  ⏭️  Already exists, skipping...
[296/800] Residential Landscape & Outdoor Lighting in Hollywood
  ⏭️  Already exists, skipping...
[297/800] Commercial Ceiling Fan & Fixture Installation in Hollywood
  ⏭️  Already exists, skipping...
[298/800] Residential Ceiling Fan & Fixture Installation in Hollywood
  ⏭️  Already exists, skipping...
[299/800] Commercial Outlet, Switch & Dimmer Services in Hollywood
  ⏭️  Already exists, skipping...
[300/800] Residential Outlet, Switch & Dimmer Services in Hollywood
  ⏭️  Already exists, skipping...
[301/800] Commercial Electrical Safety Inspections in Hollywood
  ⏭️  Already exists, skipping...
[302/800] Residential Electrical Safety Inspections in Hollywood
  ⏭️  Already exists, skipping...
[303/800] Commercial Whole-Building Surge Protection in Hollywood
  ⏭️  Already exists, skipping...
[304/800] Residential Whole-Building Surge Protection in Hollywood
  ⏭️  Already exists, skipping...
[305/800] Commercial Dedicated Equipment Circuits in Hollywood
  ⏭️  Already exists, skipping...
[306/800] Residential Dedicated Equipment Circuits in Hollywood
  ⏭️  Already exists, skipping...
[307/800] Commercial Data, Network & AV Wiring in Hollywood
  ⏭️  Already exists, skipping...
[308/800] Residential Data, Network & AV Wiring in Hollywood
  ⏭️  Already exists, skipping...
[309/800] Commercial Pool, Hot Tub & Spa Electrical in Hollywood
  ⏭️  Already exists, skipping...
[310/800] Residential Pool, Hot Tub & Spa Electrical in Hollywood
  ⏭️  Already exists, skipping...
[311/800] Commercial Electrical Troubleshooting & Repairs in Hollywood
  ⏭️  Already exists, skipping...
[312/800] Residential Electrical Troubleshooting & Repairs in Hollywood
  ⏭️  Already exists, skipping...
[313/800] Commercial Electrical Code Compliance & Corrections in Hollywood
  ⏭️  Already exists, skipping...
[314/800] Residential Electrical Code Compliance & Corrections in Hollywood
  ⏭️  Already exists, skipping...
[315/800] Commercial Exhaust Fan & Ventilation Wiring in Hollywood
  ⏭️  Already exists, skipping...
[316/800] Residential Exhaust Fan & Ventilation Wiring in Hollywood
  ⏭️  Already exists, skipping...
[317/800] Commercial Breaker Panel Service & Maintenance in Hollywood
  ⏭️  Already exists, skipping...
[318/800] Residential Breaker Panel Service & Maintenance in Hollywood
  ⏭️  Already exists, skipping...
[319/800] Commercial Energy Efficiency Upgrades in Hollywood
  ⏭️  Already exists, skipping...
[320/800] Residential Energy Efficiency Upgrades in Hollywood
  ⏭️  Already exists, skipping...
[321/800] Commercial EV Charger Installation in West Hollywood
  ⏭️  Already exists, skipping...
[322/800] Residential EV Charger Installation in West Hollywood
  ⏭️  Already exists, skipping...
[323/800] Commercial Electrical Panel Upgrades in West Hollywood
  ⏭️  Already exists, skipping...
[324/800] Residential Electrical Panel Upgrades in West Hollywood
  ⏭️  Already exists, skipping...
[325/800] Commercial Lighting Installation & Retrofitting in West Hollywood
  ⏭️  Already exists, skipping...
[326/800] Residential Lighting Installation & Retrofitting in West Hollywood
  ⏭️  Already exists, skipping...
[327/800] Commercial Complete Electrical Rewiring in West Hollywood
  ⏭️  Already exists, skipping...
[328/800] Residential Complete Electrical Rewiring in West Hollywood
  ⏭️  Already exists, skipping...
[329/800] Commercial Backup Generator Installation in West Hollywood
  ⏭️  Already exists, skipping...
[330/800] Residential Backup Generator Installation in West Hollywood
  ⏭️  Already exists, skipping...
[331/800] Commercial Smart Automation Systems in West Hollywood
  ⏭️  Already exists, skipping...
[332/800] Residential Smart Automation Systems in West Hollywood
  ⏭️  Already exists, skipping...
[333/800] Commercial Security & Motion Lighting in West Hollywood
  ⏭️  Already exists, skipping...
[334/800] Residential Security & Motion Lighting in West Hollywood
  ⏭️  Already exists, skipping...
[335/800] Commercial Landscape & Outdoor Lighting in West Hollywood
  ⏭️  Already exists, skipping...
[336/800] Residential Landscape & Outdoor Lighting in West Hollywood
  ⏭️  Already exists, skipping...
[337/800] Commercial Ceiling Fan & Fixture Installation in West Hollywood
  ⏭️  Already exists, skipping...
[338/800] Residential Ceiling Fan & Fixture Installation in West Hollywood
  ⏭️  Already exists, skipping...
[339/800] Commercial Outlet, Switch & Dimmer Services in West Hollywood
  ⏭️  Already exists, skipping...
[340/800] Residential Outlet, Switch & Dimmer Services in West Hollywood
  ⏭️  Already exists, skipping...
[341/800] Commercial Electrical Safety Inspections in West Hollywood
  ⏭️  Already exists, skipping...
[342/800] Residential Electrical Safety Inspections in West Hollywood
  ⏭️  Already exists, skipping...
[343/800] Commercial Whole-Building Surge Protection in West Hollywood
  ⏭️  Already exists, skipping...
[344/800] Residential Whole-Building Surge Protection in West Hollywood
  ⏭️  Already exists, skipping...
[345/800] Commercial Dedicated Equipment Circuits in West Hollywood
  ⏭️  Already exists, skipping...
[346/800] Residential Dedicated Equipment Circuits in West Hollywood
  ⏭️  Already exists, skipping...
[347/800] Commercial Data, Network & AV Wiring in West Hollywood
  ⏭️  Already exists, skipping...
[348/800] Residential Data, Network & AV Wiring in West Hollywood
  ⏭️  Already exists, skipping...
[349/800] Commercial Pool, Hot Tub & Spa Electrical in West Hollywood
  ⏭️  Already exists, skipping...
[350/800] Residential Pool, Hot Tub & Spa Electrical in West Hollywood
  ⏭️  Already exists, skipping...
[351/800] Commercial Electrical Troubleshooting & Repairs in West Hollywood
  ⏭️  Already exists, skipping...
[352/800] Residential Electrical Troubleshooting & Repairs in West Hollywood
  ⏭️  Already exists, skipping...
[353/800] Commercial Electrical Code Compliance & Corrections in West Hollywood
  ⏭️  Already exists, skipping...
[354/800] Residential Electrical Code Compliance & Corrections in West Hollywood
  ⏭️  Already exists, skipping...
[355/800] Commercial Exhaust Fan & Ventilation Wiring in West Hollywood
  ⏭️  Already exists, skipping...
[356/800] Residential Exhaust Fan & Ventilation Wiring in West Hollywood
  ⏭️  Already exists, skipping...
[357/800] Commercial Breaker Panel Service & Maintenance in West Hollywood
  ⏭️  Already exists, skipping...
[358/800] Residential Breaker Panel Service & Maintenance in West Hollywood
  ⏭️  Already exists, skipping...
[359/800] Commercial Energy Efficiency Upgrades in West Hollywood
  ⏭️  Already exists, skipping...
[360/800] Residential Energy Efficiency Upgrades in West Hollywood
  ⏭️  Already exists, skipping...
[361/800] Commercial EV Charger Installation in Beverly Hills
  ⏭️  Already exists, skipping...
[362/800] Residential EV Charger Installation in Beverly Hills
  ⏭️  Already exists, skipping...
[363/800] Commercial Electrical Panel Upgrades in Beverly Hills
  ⏭️  Already exists, skipping...
[364/800] Residential Electrical Panel Upgrades in Beverly Hills
  ⏭️  Already exists, skipping...
[365/800] Commercial Lighting Installation & Retrofitting in Beverly Hills
  ⏭️  Already exists, skipping...
[366/800] Residential Lighting Installation & Retrofitting in Beverly Hills
  ⏭️  Already exists, skipping...
[367/800] Commercial Complete Electrical Rewiring in Beverly Hills
  ⏭️  Already exists, skipping...
[368/800] Residential Complete Electrical Rewiring in Beverly Hills
  ⏭️  Already exists, skipping...
[369/800] Commercial Backup Generator Installation in Beverly Hills
  ⏭️  Already exists, skipping...
[370/800] Residential Backup Generator Installation in Beverly Hills
  ⏭️  Already exists, skipping...
[371/800] Commercial Smart Automation Systems in Beverly Hills
  ⏭️  Already exists, skipping...
[372/800] Residential Smart Automation Systems in Beverly Hills
  ⏭️  Already exists, skipping...
[373/800] Commercial Security & Motion Lighting in Beverly Hills
  ⏭️  Already exists, skipping...
[374/800] Residential Security & Motion Lighting in Beverly Hills
  ⏭️  Already exists, skipping...
[375/800] Commercial Landscape & Outdoor Lighting in Beverly Hills
  ⏭️  Already exists, skipping...
[376/800] Residential Landscape & Outdoor Lighting in Beverly Hills
  ⏭️  Already exists, skipping...
[377/800] Commercial Ceiling Fan & Fixture Installation in Beverly Hills
  ⏭️  Already exists, skipping...
[378/800] Residential Ceiling Fan & Fixture Installation in Beverly Hills
  ⏭️  Already exists, skipping...
[379/800] Commercial Outlet, Switch & Dimmer Services in Beverly Hills
  ⏭️  Already exists, skipping...
[380/800] Residential Outlet, Switch & Dimmer Services in Beverly Hills
  ⏭️  Already exists, skipping...
[381/800] Commercial Electrical Safety Inspections in Beverly Hills
  ⏭️  Already exists, skipping...
[382/800] Residential Electrical Safety Inspections in Beverly Hills
  ⏭️  Already exists, skipping...
[383/800] Commercial Whole-Building Surge Protection in Beverly Hills
  ⏭️  Already exists, skipping...
[384/800] Residential Whole-Building Surge Protection in Beverly Hills
  ⏭️  Already exists, skipping...
[385/800] Commercial Dedicated Equipment Circuits in Beverly Hills
  ⏭️  Already exists, skipping...
[386/800] Residential Dedicated Equipment Circuits in Beverly Hills
  ⏭️  Already exists, skipping...
[387/800] Commercial Data, Network & AV Wiring in Beverly Hills
  ⏭️  Already exists, skipping...
[388/800] Residential Data, Network & AV Wiring in Beverly Hills
  ⏭️  Already exists, skipping...
[389/800] Commercial Pool, Hot Tub & Spa Electrical in Beverly Hills
  ⏭️  Already exists, skipping...
[390/800] Residential Pool, Hot Tub & Spa Electrical in Beverly Hills
  ⏭️  Already exists, skipping...
[391/800] Commercial Electrical Troubleshooting & Repairs in Beverly Hills
  ⏭️  Already exists, skipping...
[392/800] Residential Electrical Troubleshooting & Repairs in Beverly Hills
  ⏭️  Already exists, skipping...
[393/800] Commercial Electrical Code Compliance & Corrections in Beverly Hills
  ⏭️  Already exists, skipping...
[394/800] Residential Electrical Code Compliance & Corrections in Beverly Hills
  ⏭️  Already exists, skipping...
[395/800] Commercial Exhaust Fan & Ventilation Wiring in Beverly Hills
  ⏭️  Already exists, skipping...
[396/800] Residential Exhaust Fan & Ventilation Wiring in Beverly Hills
  ⏭️  Already exists, skipping...
[397/800] Commercial Breaker Panel Service & Maintenance in Beverly Hills
  ⏭️  Already exists, skipping...
[398/800] Residential Breaker Panel Service & Maintenance in Beverly Hills
  ⏭️  Already exists, skipping...
[399/800] Commercial Energy Efficiency Upgrades in Beverly Hills
  ⏭️  Already exists, skipping...
[400/800] Residential Energy Efficiency Upgrades in Beverly Hills
  ⏭️  Already exists, skipping...
[401/800] Commercial EV Charger Installation in Santa Monica
  ⏭️  Already exists, skipping...
[402/800] Residential EV Charger Installation in Santa Monica
  ⏭️  Already exists, skipping...
[403/800] Commercial Electrical Panel Upgrades in Santa Monica
  ⏭️  Already exists, skipping...
[404/800] Residential Electrical Panel Upgrades in Santa Monica
  ⏭️  Already exists, skipping...
[405/800] Commercial Lighting Installation & Retrofitting in Santa Monica
  ⏭️  Already exists, skipping...
[406/800] Residential Lighting Installation & Retrofitting in Santa Monica
  ⏭️  Already exists, skipping...
[407/800] Commercial Complete Electrical Rewiring in Santa Monica
  ⏭️  Already exists, skipping...
[408/800] Residential Complete Electrical Rewiring in Santa Monica
  ⏭️  Already exists, skipping...
[409/800] Commercial Backup Generator Installation in Santa Monica
  ⏭️  Already exists, skipping...
[410/800] Residential Backup Generator Installation in Santa Monica
  ⏭️  Already exists, skipping...
[411/800] Commercial Smart Automation Systems in Santa Monica
  ⏭️  Already exists, skipping...
[412/800] Residential Smart Automation Systems in Santa Monica
  ⏭️  Already exists, skipping...
[413/800] Commercial Security & Motion Lighting in Santa Monica
  ⏭️  Already exists, skipping...
[414/800] Residential Security & Motion Lighting in Santa Monica
  ⏭️  Already exists, skipping...
[415/800] Commercial Landscape & Outdoor Lighting in Santa Monica
  ⏭️  Already exists, skipping...
[416/800] Residential Landscape & Outdoor Lighting in Santa Monica
  ⏭️  Already exists, skipping...
[417/800] Commercial Ceiling Fan & Fixture Installation in Santa Monica
  ⏭️  Already exists, skipping...
[418/800] Residential Ceiling Fan & Fixture Installation in Santa Monica
  ⏭️  Already exists, skipping...
[419/800] Commercial Outlet, Switch & Dimmer Services in Santa Monica
  ⏭️  Already exists, skipping...
[420/800] Residential Outlet, Switch & Dimmer Services in Santa Monica
  ⏭️  Already exists, skipping...
[421/800] Commercial Electrical Safety Inspections in Santa Monica
  ⏭️  Already exists, skipping...
[422/800] Residential Electrical Safety Inspections in Santa Monica
  ⏭️  Already exists, skipping...
[423/800] Commercial Whole-Building Surge Protection in Santa Monica
  ⏭️  Already exists, skipping...
[424/800] Residential Whole-Building Surge Protection in Santa Monica
  ⏭️  Already exists, skipping...
[425/800] Commercial Dedicated Equipment Circuits in Santa Monica
  ⏭️  Already exists, skipping...
[426/800] Residential Dedicated Equipment Circuits in Santa Monica
  ⏭️  Already exists, skipping...
[427/800] Commercial Data, Network & AV Wiring in Santa Monica
  ⏭️  Already exists, skipping...
[428/800] Residential Data, Network & AV Wiring in Santa Monica
  ⏭️  Already exists, skipping...
[429/800] Commercial Pool, Hot Tub & Spa Electrical in Santa Monica
  ⏭️  Already exists, skipping...
[430/800] Residential Pool, Hot Tub & Spa Electrical in Santa Monica
  ⏭️  Already exists, skipping...
[431/800] Commercial Electrical Troubleshooting & Repairs in Santa Monica
  ⏭️  Already exists, skipping...
[432/800] Residential Electrical Troubleshooting & Repairs in Santa Monica
  ⏭️  Already exists, skipping...
[433/800] Commercial Electrical Code Compliance & Corrections in Santa Monica
  ⏭️  Already exists, skipping...
[434/800] Residential Electrical Code Compliance & Corrections in Santa Monica
  ⏭️  Already exists, skipping...
[435/800] Commercial Exhaust Fan & Ventilation Wiring in Santa Monica
  ⏭️  Already exists, skipping...
[436/800] Residential Exhaust Fan & Ventilation Wiring in Santa Monica
  ⏭️  Already exists, skipping...
[437/800] Commercial Breaker Panel Service & Maintenance in Santa Monica
  ⏭️  Already exists, skipping...
[438/800] Residential Breaker Panel Service & Maintenance in Santa Monica
  ⏭️  Already exists, skipping...
[439/800] Commercial Energy Efficiency Upgrades in Santa Monica
  ⏭️  Already exists, skipping...
[440/800] Residential Energy Efficiency Upgrades in Santa Monica
  ⏭️  Already exists, skipping...
[441/800] Commercial EV Charger Installation in Venice
  ⏭️  Already exists, skipping...
[442/800] Residential EV Charger Installation in Venice
  ⏭️  Already exists, skipping...
[443/800] Commercial Electrical Panel Upgrades in Venice
  ⏭️  Already exists, skipping...
[444/800] Residential Electrical Panel Upgrades in Venice
  ⏭️  Already exists, skipping...
[445/800] Commercial Lighting Installation & Retrofitting in Venice
  ⏭️  Already exists, skipping...
[446/800] Residential Lighting Installation & Retrofitting in Venice
  ⏭️  Already exists, skipping...
[447/800] Commercial Complete Electrical Rewiring in Venice
  ⏭️  Already exists, skipping...
[448/800] Residential Complete Electrical Rewiring in Venice
  ⏭️  Already exists, skipping...
[449/800] Commercial Backup Generator Installation in Venice
  ⏭️  Already exists, skipping...
[450/800] Residential Backup Generator Installation in Venice
  ⏭️  Already exists, skipping...
[451/800] Commercial Smart Automation Systems in Venice
  ⏭️  Already exists, skipping...
[452/800] Residential Smart Automation Systems in Venice
  ⏭️  Already exists, skipping...
[453/800] Commercial Security & Motion Lighting in Venice
  ⏭️  Already exists, skipping...
[454/800] Residential Security & Motion Lighting in Venice
  ⏭️  Already exists, skipping...
[455/800] Commercial Landscape & Outdoor Lighting in Venice
  ⏭️  Already exists, skipping...
[456/800] Residential Landscape & Outdoor Lighting in Venice
  ⏭️  Already exists, skipping...
[457/800] Commercial Ceiling Fan & Fixture Installation in Venice
  ⏭️  Already exists, skipping...
[458/800] Residential Ceiling Fan & Fixture Installation in Venice
  ⏭️  Already exists, skipping...
[459/800] Commercial Outlet, Switch & Dimmer Services in Venice
  ⏭️  Already exists, skipping...
[460/800] Residential Outlet, Switch & Dimmer Services in Venice
  ⏭️  Already exists, skipping...
[461/800] Commercial Electrical Safety Inspections in Venice
  ⏭️  Already exists, skipping...
[462/800] Residential Electrical Safety Inspections in Venice
  ⏭️  Already exists, skipping...
[463/800] Commercial Whole-Building Surge Protection in Venice
  ⏭️  Already exists, skipping...
[464/800] Residential Whole-Building Surge Protection in Venice
  ⏭️  Already exists, skipping...
[465/800] Commercial Dedicated Equipment Circuits in Venice
  ⏭️  Already exists, skipping...
[466/800] Residential Dedicated Equipment Circuits in Venice
  ⏭️  Already exists, skipping...
[467/800] Commercial Data, Network & AV Wiring in Venice
  ⏭️  Already exists, skipping...
[468/800] Residential Data, Network & AV Wiring in Venice
  ⏭️  Already exists, skipping...
[469/800] Commercial Pool, Hot Tub & Spa Electrical in Venice
  ⏭️  Already exists, skipping...
[470/800] Residential Pool, Hot Tub & Spa Electrical in Venice
  ⏭️  Already exists, skipping...
[471/800] Commercial Electrical Troubleshooting & Repairs in Venice
  ⏭️  Already exists, skipping...
[472/800] Residential Electrical Troubleshooting & Repairs in Venice
  ⏭️  Already exists, skipping...
[473/800] Commercial Electrical Code Compliance & Corrections in Venice
  ⏭️  Already exists, skipping...
[474/800] Residential Electrical Code Compliance & Corrections in Venice
  ⏭️  Already exists, skipping...
[475/800] Commercial Exhaust Fan & Ventilation Wiring in Venice
  ⏭️  Already exists, skipping...
[476/800] Residential Exhaust Fan & Ventilation Wiring in Venice
  ⏭️  Already exists, skipping...
[477/800] Commercial Breaker Panel Service & Maintenance in Venice
  ⏭️  Already exists, skipping...
[478/800] Residential Breaker Panel Service & Maintenance in Venice
  ⏭️  Already exists, skipping...
[479/800] Commercial Energy Efficiency Upgrades in Venice
  ⏭️  Already exists, skipping...
[480/800] Residential Energy Efficiency Upgrades in Venice
  ⏭️  Already exists, skipping...
[481/800] Commercial EV Charger Installation in Culver City
  ⏭️  Already exists, skipping...
[482/800] Residential EV Charger Installation in Culver City
  ⏭️  Already exists, skipping...
[483/800] Commercial Electrical Panel Upgrades in Culver City
  ⏭️  Already exists, skipping...
[484/800] Residential Electrical Panel Upgrades in Culver City
  ⏭️  Already exists, skipping...
[485/800] Commercial Lighting Installation & Retrofitting in Culver City
  ⏭️  Already exists, skipping...
[486/800] Residential Lighting Installation & Retrofitting in Culver City
  ⏭️  Already exists, skipping...
[487/800] Commercial Complete Electrical Rewiring in Culver City
  ⏭️  Already exists, skipping...
[488/800] Residential Complete Electrical Rewiring in Culver City
  ⏭️  Already exists, skipping...
[489/800] Commercial Backup Generator Installation in Culver City
  ⏭️  Already exists, skipping...
[490/800] Residential Backup Generator Installation in Culver City
  ⏭️  Already exists, skipping...
[491/800] Commercial Smart Automation Systems in Culver City
  ⏭️  Already exists, skipping...
[492/800] Residential Smart Automation Systems in Culver City
  ⏭️  Already exists, skipping...
[493/800] Commercial Security & Motion Lighting in Culver City
  ⏭️  Already exists, skipping...
[494/800] Residential Security & Motion Lighting in Culver City
  ⏭️  Already exists, skipping...
[495/800] Commercial Landscape & Outdoor Lighting in Culver City
  ⏭️  Already exists, skipping...
[496/800] Residential Landscape & Outdoor Lighting in Culver City
  ⏭️  Already exists, skipping...
[497/800] Commercial Ceiling Fan & Fixture Installation in Culver City
  ⏭️  Already exists, skipping...
[498/800] Residential Ceiling Fan & Fixture Installation in Culver City
  ⏭️  Already exists, skipping...
[499/800] Commercial Outlet, Switch & Dimmer Services in Culver City
  ⏭️  Already exists, skipping...
[500/800] Residential Outlet, Switch & Dimmer Services in Culver City
  ⏭️  Already exists, skipping...
[501/800] Commercial Electrical Safety Inspections in Culver City
  ⏭️  Already exists, skipping...
[502/800] Residential Electrical Safety Inspections in Culver City
  ⏭️  Already exists, skipping...
[503/800] Commercial Whole-Building Surge Protection in Culver City
  ⏭️  Already exists, skipping...
[504/800] Residential Whole-Building Surge Protection in Culver City
  ⏭️  Already exists, skipping...
[505/800] Commercial Dedicated Equipment Circuits in Culver City
  ⏭️  Already exists, skipping...
[506/800] Residential Dedicated Equipment Circuits in Culver City
  ⏭️  Already exists, skipping...
[507/800] Commercial Data, Network & AV Wiring in Culver City
  ⏭️  Already exists, skipping...
[508/800] Residential Data, Network & AV Wiring in Culver City
  ⏭️  Already exists, skipping...
[509/800] Commercial Pool, Hot Tub & Spa Electrical in Culver City
  ⏭️  Already exists, skipping...
[510/800] Residential Pool, Hot Tub & Spa Electrical in Culver City
  ⏭️  Already exists, skipping...
[511/800] Commercial Electrical Troubleshooting & Repairs in Culver City
  ⏭️  Already exists, skipping...
[512/800] Residential Electrical Troubleshooting & Repairs in Culver City
  ⏭️  Already exists, skipping...
[513/800] Commercial Electrical Code Compliance & Corrections in Culver City
  ⏭️  Already exists, skipping...
[514/800] Residential Electrical Code Compliance & Corrections in Culver City
  ⏭️  Already exists, skipping...
[515/800] Commercial Exhaust Fan & Ventilation Wiring in Culver City
  ⏭️  Already exists, skipping...
[516/800] Residential Exhaust Fan & Ventilation Wiring in Culver City
  ⏭️  Already exists, skipping...
[517/800] Commercial Breaker Panel Service & Maintenance in Culver City
  ⏭️  Already exists, skipping...
[518/800] Residential Breaker Panel Service & Maintenance in Culver City
  ⏭️  Already exists, skipping...
[519/800] Commercial Energy Efficiency Upgrades in Culver City
  ⏭️  Already exists, skipping...
[520/800] Residential Energy Efficiency Upgrades in Culver City
  ⏭️  Already exists, skipping...
[521/800] Commercial EV Charger Installation in Burbank
  ⏭️  Already exists, skipping...
[522/800] Residential EV Charger Installation in Burbank
  ⏭️  Already exists, skipping...
[523/800] Commercial Electrical Panel Upgrades in Burbank
  ⏭️  Already exists, skipping...
[524/800] Residential Electrical Panel Upgrades in Burbank
  ⏭️  Already exists, skipping...
[525/800] Commercial Lighting Installation & Retrofitting in Burbank
  ⏭️  Already exists, skipping...
[526/800] Residential Lighting Installation & Retrofitting in Burbank
  ⏭️  Already exists, skipping...
[527/800] Commercial Complete Electrical Rewiring in Burbank
  ⏭️  Already exists, skipping...
[528/800] Residential Complete Electrical Rewiring in Burbank
  ⏭️  Already exists, skipping...
[529/800] Commercial Backup Generator Installation in Burbank
  ⏭️  Already exists, skipping...
[530/800] Residential Backup Generator Installation in Burbank
  ⏭️  Already exists, skipping...
[531/800] Commercial Smart Automation Systems in Burbank
  ⏭️  Already exists, skipping...
[532/800] Residential Smart Automation Systems in Burbank
  ⏭️  Already exists, skipping...
[533/800] Commercial Security & Motion Lighting in Burbank
  ⏭️  Already exists, skipping...
[534/800] Residential Security & Motion Lighting in Burbank
  ⏭️  Already exists, skipping...
[535/800] Commercial Landscape & Outdoor Lighting in Burbank
  ⏭️  Already exists, skipping...
[536/800] Residential Landscape & Outdoor Lighting in Burbank
  ⏭️  Already exists, skipping...
[537/800] Commercial Ceiling Fan & Fixture Installation in Burbank
  ⏭️  Already exists, skipping...
[538/800] Residential Ceiling Fan & Fixture Installation in Burbank
  ⏭️  Already exists, skipping...
[539/800] Commercial Outlet, Switch & Dimmer Services in Burbank
  ⏭️  Already exists, skipping...
[540/800] Residential Outlet, Switch & Dimmer Services in Burbank
  ⏭️  Already exists, skipping...
[541/800] Commercial Electrical Safety Inspections in Burbank