Starting bulk internal links removal script...

Loading page data...
Found 800 pages to process.

✅ Cleaned Page ID 5812 - Removed 3762 characters
✅ Cleaned Page ID 5811 - Removed 1867 characters
✅ Cleaned Page ID 5810 - Removed 1827 characters
✅ Cleaned Page ID 5809 - Removed 1813 characters
✅ Cleaned Page ID 5808 - Removed 1839 characters
✅ Cleaned Page ID 5807 - Removed 1825 characters
✅ Cleaned Page ID 5806 - Removed 1893 characters
✅ Cleaned Page ID 5805 - Removed 1879 characters
✅ Cleaned Page ID 5804 - Removed 1829 characters
✅ Cleaned Page ID 5803 - Removed 1815 characters
✅ Cleaned Page ID 5802 - Removed 1819 characters
✅ Cleaned Page ID 5801 - Removed 1805 characters
✅ Cleaned Page ID 5800 - Removed 1917 characters
✅ Cleaned Page ID 5799 - Removed 1903 characters
✅ Cleaned Page ID 5798 - Removed 1855 characters
✅ Cleaned Page ID 5797 - Removed 1841 characters
✅ Cleaned Page ID 5796 - Removed 1807 characters
✅ Cleaned Page ID 5795 - Removed 1793 characters
✅ Cleaned Page ID 5794 - Removed 1867 characters
✅ Cleaned Page ID 5793 - Removed 1853 characters
✅ Cleaned Page ID 5792 - Removed 1887 characters
✅ Cleaned Page ID 5791 - Removed 1873 characters
✅ Cleaned Page ID 5790 - Removed 1857 characters
✅ Cleaned Page ID 5789 - Removed 1843 characters
✅ Cleaned Page ID 5788 - Removed 1881 characters
✅ Cleaned Page ID 5787 - Removed 1867 characters
✅ Cleaned Page ID 5786 - Removed 1861 characters
✅ Cleaned Page ID 5785 - Removed 1847 characters
✅ Cleaned Page ID 5784 - Removed 1919 characters
✅ Cleaned Page ID 5783 - Removed 1905 characters
✅ Cleaned Page ID 5782 - Removed 1833 characters
✅ Cleaned Page ID 5781 - Removed 1819 characters
✅ Cleaned Page ID 5780 - Removed 1837 characters
✅ Cleaned Page ID 5779 - Removed 1823 characters
✅ Cleaned Page ID 5778 - Removed 1861 characters
✅ Cleaned Page ID 5777 - Removed 1847 characters
✅ Cleaned Page ID 5776 - Removed 1934 characters
✅ Cleaned Page ID 5775 - Removed 1933 characters
✅ Cleaned Page ID 5774 - Removed 1891 characters
✅ Cleaned Page ID 5773 - Removed 1877 characters
✅ Cleaned Page ID 5771 - Removed 1541 characters
✅ Cleaned Page ID 5770 - Removed 1531 characters
✅ Cleaned Page ID 5769 - Removed 1519 characters
✅ Cleaned Page ID 5768 - Removed 1509 characters
✅ Cleaned Page ID 5767 - Removed 1523 characters
✅ Cleaned Page ID 5766 - Removed 1513 characters
✅ Cleaned Page ID 5765 - Removed 1549 characters
✅ Cleaned Page ID 5764 - Removed 1539 characters
✅ Cleaned Page ID 5763 - Removed 1517 characters
✅ Cleaned Page ID 5762 - Removed 1507 characters
✅ Cleaned Page ID 5761 - Removed 1511 characters
✅ Cleaned Page ID 5760 - Removed 1501 characters
✅ Cleaned Page ID 5759 - Removed 1553 characters
✅ Cleaned Page ID 5758 - Removed 1543 characters
✅ Cleaned Page ID 5757 - Removed 1519 characters
✅ Cleaned Page ID 5756 - Removed 1509 characters
✅ Cleaned Page ID 5755 - Removed 1507 characters
✅ Cleaned Page ID 5754 - Removed 1497 characters
✅ Cleaned Page ID 5753 - Removed 1543 characters
✅ Cleaned Page ID 5752 - Removed 1533 characters
✅ Cleaned Page ID 5751 - Removed 1559 characters
✅ Cleaned Page ID 5750 - Removed 1549 characters
✅ Cleaned Page ID 5749 - Removed 1529 characters
✅ Cleaned Page ID 5748 - Removed 1519 characters
✅ Cleaned Page ID 5747 - Removed 1553 characters
✅ Cleaned Page ID 5746 - Removed 1543 characters
✅ Cleaned Page ID 5745 - Removed 1541 characters
✅ Cleaned Page ID 5744 - Removed 1531 characters
✅ Cleaned Page ID 5743 - Removed 1571 characters
✅ Cleaned Page ID 5742 - Removed 1561 characters
✅ Cleaned Page ID 5741 - Removed 1509 characters
✅ Cleaned Page ID 5740 - Removed 1499 characters
✅ Cleaned Page ID 5739 - Removed 1521 characters
✅ Cleaned Page ID 5738 - Removed 1511 characters
✅ Cleaned Page ID 5737 - Removed 1513 characters
✅ Cleaned Page ID 5736 - Removed 1503 characters
✅ Cleaned Page ID 5735 - Removed 1630 characters
✅ Cleaned Page ID 5734 - Removed 1633 characters
✅ Cleaned Page ID 5733 - Removed 1559 characters
✅ Cleaned Page ID 5732 - Removed 1549 characters
✅ Cleaned Page ID 5730 - Removed 1271 characters
✅ Cleaned Page ID 5729 - Removed 1263 characters
✅ Cleaned Page ID 5728 - Removed 1265 characters
✅ Cleaned Page ID 5727 - Removed 1257 characters
✅ Cleaned Page ID 5726 - Removed 1265 characters
✅ Cleaned Page ID 5725 - Removed 1257 characters
✅ Cleaned Page ID 5724 - Removed 1277 characters
✅ Cleaned Page ID 5723 - Removed 1269 characters
✅ Cleaned Page ID 5722 - Removed 1261 characters
✅ Cleaned Page ID 5721 - Removed 1253 characters
✅ Cleaned Page ID 5720 - Removed 1257 characters
✅ Cleaned Page ID 5719 - Removed 1249 characters
✅ Cleaned Page ID 5718 - Removed 1271 characters
✅ Cleaned Page ID 5717 - Removed 1263 characters
✅ Cleaned Page ID 5716 - Removed 1251 characters
✅ Cleaned Page ID 5715 - Removed 1243 characters
✅ Cleaned Page ID 5714 - Removed 1257 characters
✅ Cleaned Page ID 5713 - Removed 1249 characters
✅ Cleaned Page ID 5712 - Removed 1281 characters
✅ Cleaned Page ID 5711 - Removed 1273 characters
✅ Cleaned Page ID 5710 - Removed 1295 characters
✅ Cleaned Page ID 5709 - Removed 1287 characters
✅ Cleaned Page ID 5708 - Removed 1265 characters
✅ Cleaned Page ID 5707 - Removed 1257 characters
✅ Cleaned Page ID 5706 - Removed 1289 characters
✅ Cleaned Page ID 5705 - Removed 1281 characters
✅ Cleaned Page ID 5704 - Removed 1281 characters
✅ Cleaned Page ID 5703 - Removed 1273 characters
✅ Cleaned Page ID 5702 - Removed 1297 characters
✅ Cleaned Page ID 5701 - Removed 1289 characters
✅ Cleaned Page ID 5700 - Removed 1247 characters
✅ Cleaned Page ID 5699 - Removed 1239 characters
✅ Cleaned Page ID 5698 - Removed 1263 characters
❌ Failed to update Page ID 5697
✅ Cleaned Page ID 5696 - Removed 1239 characters
✅ Cleaned Page ID 5695 - Removed 1231 characters
✅ Cleaned Page ID 5694 - Removed 1378 characters
✅ Cleaned Page ID 5693 - Removed 1383 characters
✅ Cleaned Page ID 5692 - Removed 1293 characters
✅ Cleaned Page ID 5691 - Removed 1285 characters
✅ Cleaned Page ID 5689 - Removed 1320 characters
✅ Cleaned Page ID 5688 - Removed 1312 characters
✅ Cleaned Page ID 5687 - Removed 1314 characters
✅ Cleaned Page ID 5686 - Removed 1306 characters
✅ Cleaned Page ID 5685 - Removed 1314 characters
✅ Cleaned Page ID 5684 - Removed 1306 characters
✅ Cleaned Page ID 5683 - Removed 1326 characters
✅ Cleaned Page ID 5682 - Removed 1318 characters
✅ Cleaned Page ID 5681 - Removed 1310 characters
✅ Cleaned Page ID 5680 - Removed 1302 characters
✅ Cleaned Page ID 5679 - Removed 1306 characters
✅ Cleaned Page ID 5678 - Removed 1298 characters
✅ Cleaned Page ID 5677 - Removed 1320 characters
✅ Cleaned Page ID 5676 - Removed 1312 characters
✅ Cleaned Page ID 5675 - Removed 1300 characters
✅ Cleaned Page ID 5674 - Removed 1292 characters
✅ Cleaned Page ID 5673 - Removed 1306 characters
✅ Cleaned Page ID 5672 - Removed 1298 characters
✅ Cleaned Page ID 5671 - Removed 1330 characters
✅ Cleaned Page ID 5670 - Removed 1322 characters
✅ Cleaned Page ID 5669 - Removed 1344 characters
✅ Cleaned Page ID 5668 - Removed 1336 characters
✅ Cleaned Page ID 5667 - Removed 1314 characters
✅ Cleaned Page ID 5666 - Removed 1306 characters
✅ Cleaned Page ID 5665 - Removed 1338 characters
✅ Cleaned Page ID 5664 - Removed 1330 characters
✅ Cleaned Page ID 5663 - Removed 1330 characters
✅ Cleaned Page ID 5662 - Removed 1322 characters
✅ Cleaned Page ID 5661 - Removed 1346 characters
✅ Cleaned Page ID 5660 - Removed 1338 characters
✅ Cleaned Page ID 5659 - Removed 1296 characters
✅ Cleaned Page ID 5658 - Removed 1288 characters
✅ Cleaned Page ID 5657 - Removed 1312 characters
✅ Cleaned Page ID 5656 - Removed 1304 characters
✅ Cleaned Page ID 5655 - Removed 1288 characters
✅ Cleaned Page ID 5654 - Removed 1280 characters
✅ Cleaned Page ID 5653 - Removed 1427 characters
✅ Cleaned Page ID 5652 - Removed 1432 characters
✅ Cleaned Page ID 5651 - Removed 1342 characters
✅ Cleaned Page ID 5650 - Removed 1334 characters
✅ Cleaned Page ID 5648 - Removed 2225 characters
✅ Cleaned Page ID 5647 - Removed 2207 characters
✅ Cleaned Page ID 5646 - Removed 2139 characters
✅ Cleaned Page ID 5645 - Removed 2121 characters
✅ Cleaned Page ID 5644 - Removed 2159 characters
✅ Cleaned Page ID 5643 - Removed 2141 characters
✅ Cleaned Page ID 5642 - Removed 2241 characters
✅ Cleaned Page ID 5641 - Removed 2223 characters
✅ Cleaned Page ID 5640 - Removed 2145 characters
✅ Cleaned Page ID 5639 - Removed 2127 characters
✅ Cleaned Page ID 5638 - Removed 2131 characters
✅ Cleaned Page ID 5637 - Removed 2113 characters
✅ Cleaned Page ID 5636 - Removed 2285 characters
✅ Cleaned Page ID 5635 - Removed 2267 characters
✅ Cleaned Page ID 5634 - Removed 2195 characters
✅ Cleaned Page ID 5633 - Removed 2177 characters
✅ Cleaned Page ID 5632 - Removed 2111 characters
✅ Cleaned Page ID 5631 - Removed 2093 characters
✅ Cleaned Page ID 5630 - Removed 2195 characters
✅ Cleaned Page ID 5629 - Removed 2177 characters
✅ Cleaned Page ID 5628 - Removed 2219 characters
✅ Cleaned Page ID 5627 - Removed 2201 characters
✅ Cleaned Page ID 5626 - Removed 2189 characters
✅ Cleaned Page ID 5625 - Removed 2171 characters
✅ Cleaned Page ID 5624 - Removed 2213 characters
✅ Cleaned Page ID 5623 - Removed 2195 characters
✅ Cleaned Page ID 5622 - Removed 2185 characters
✅ Cleaned Page ID 5621 - Removed 2167 characters
✅ Cleaned Page ID 5620 - Removed 2271 characters
✅ Cleaned Page ID 5619 - Removed 2253 characters
✅ Cleaned Page ID 5618 - Removed 2161 characters
✅ Cleaned Page ID 5617 - Removed 2143 characters
✅ Cleaned Page ID 5616 - Removed 2157 characters
✅ Cleaned Page ID 5615 - Removed 2139 characters
✅ Cleaned Page ID 5614 - Removed 2213 characters
✅ Cleaned Page ID 5613 - Removed 2195 characters
✅ Cleaned Page ID 5612 - Removed 2242 characters
✅ Cleaned Page ID 5611 - Removed 2237 characters
✅ Cleaned Page ID 5610 - Removed 2227 characters
✅ Cleaned Page ID 5609 - Removed 2209 characters
✅ Cleaned Page ID 5607 - Removed 2076 characters
✅ Cleaned Page ID 5606 - Removed 2060 characters
✅ Cleaned Page ID 5605 - Removed 2006 characters
✅ Cleaned Page ID 5604 - Removed 1990 characters
✅ Cleaned Page ID 5603 - Removed 2022 characters
✅ Cleaned Page ID 5602 - Removed 2006 characters
✅ Cleaned Page ID 5601 - Removed 2090 characters
✅ Cleaned Page ID 5600 - Removed 2074 characters
✅ Cleaned Page ID 5599 - Removed 2010 characters
✅ Cleaned Page ID 5598 - Removed 1994 characters
✅ Cleaned Page ID 5597 - Removed 1998 characters
✅ Cleaned Page ID 5596 - Removed 1982 characters
✅ Cleaned Page ID 5595 - Removed 2124 characters
✅ Cleaned Page ID 5594 - Removed 2108 characters
✅ Cleaned Page ID 5593 - Removed 2048 characters
✅ Cleaned Page ID 5592 - Removed 2032 characters
✅ Cleaned Page ID 5591 - Removed 1982 characters
✅ Cleaned Page ID 5590 - Removed 1966 characters
✅ Cleaned Page ID 5589 - Removed 2054 characters
✅ Cleaned Page ID 5588 - Removed 2038 characters
✅ Cleaned Page ID 5587 - Removed 2076 characters
✅ Cleaned Page ID 5586 - Removed 2060 characters
✅ Cleaned Page ID 5585 - Removed 2046 characters
✅ Cleaned Page ID 5584 - Removed 2030 characters
✅ Cleaned Page ID 5583 - Removed 2070 characters
✅ Cleaned Page ID 5582 - Removed 2054 characters
✅ Cleaned Page ID 5581 - Removed 2046 characters
✅ Cleaned Page ID 5580 - Removed 2030 characters
✅ Cleaned Page ID 5579 - Removed 2118 characters
✅ Cleaned Page ID 5578 - Removed 2102 characters
✅ Cleaned Page ID 5577 - Removed 2020 characters
✅ Cleaned Page ID 5576 - Removed 2004 characters
✅ Cleaned Page ID 5575 - Removed 2020 characters
✅ Cleaned Page ID 5574 - Removed 2004 characters
✅ Cleaned Page ID 5573 - Removed 2060 characters
✅ Cleaned Page ID 5572 - Removed 2044 characters
✅ Cleaned Page ID 5571 - Removed 2111 characters
✅ Cleaned Page ID 5570 - Removed 2108 characters
✅ Cleaned Page ID 5569 - Removed 2082 characters
✅ Cleaned Page ID 5568 - Removed 2066 characters
✅ Cleaned Page ID 5566 - Removed 1264 characters
✅ Cleaned Page ID 5565 - Removed 1256 characters
✅ Cleaned Page ID 5564 - Removed 1258 characters
✅ Cleaned Page ID 5563 - Removed 1250 characters
✅ Cleaned Page ID 5562 - Removed 1258 characters
✅ Cleaned Page ID 5561 - Removed 1250 characters
✅ Cleaned Page ID 5560 - Removed 1270 characters
✅ Cleaned Page ID 5559 - Removed 1262 characters
✅ Cleaned Page ID 5558 - Removed 1254 characters
✅ Cleaned Page ID 5557 - Removed 1246 characters
✅ Cleaned Page ID 5556 - Removed 1250 characters
✅ Cleaned Page ID 5555 - Removed 1242 characters
✅ Cleaned Page ID 5554 - Removed 1264 characters
✅ Cleaned Page ID 5553 - Removed 1256 characters
✅ Cleaned Page ID 5552 - Removed 1244 characters
✅ Cleaned Page ID 5551 - Removed 1236 characters
✅ Cleaned Page ID 5550 - Removed 1250 characters
✅ Cleaned Page ID 5549 - Removed 1242 characters
✅ Cleaned Page ID 5548 - Removed 1274 characters
✅ Cleaned Page ID 5547 - Removed 1266 characters
✅ Cleaned Page ID 5546 - Removed 1288 characters
✅ Cleaned Page ID 5545 - Removed 1280 characters
✅ Cleaned Page ID 5544 - Removed 1258 characters
✅ Cleaned Page ID 5543 - Removed 1250 characters
✅ Cleaned Page ID 5542 - Removed 1282 characters
✅ Cleaned Page ID 5541 - Removed 1274 characters
✅ Cleaned Page ID 5540 - Removed 1274 characters
✅ Cleaned Page ID 5539 - Removed 1266 characters
✅ Cleaned Page ID 5538 - Removed 1290 characters
✅ Cleaned Page ID 5537 - Removed 1282 characters
✅ Cleaned Page ID 5536 - Removed 1240 characters
✅ Cleaned Page ID 5535 - Removed 1232 characters
✅ Cleaned Page ID 5534 - Removed 1256 characters
✅ Cleaned Page ID 5533 - Removed 1248 characters
✅ Cleaned Page ID 5532 - Removed 1232 characters
✅ Cleaned Page ID 5531 - Removed 1224 characters
✅ Cleaned Page ID 5530 - Removed 1371 characters
✅ Cleaned Page ID 5529 - Removed 1376 characters
✅ Cleaned Page ID 5528 - Removed 1286 characters
✅ Cleaned Page ID 5527 - Removed 1278 characters
✅ Cleaned Page ID 5525 - Removed 1670 characters
✅ Cleaned Page ID 5524 - Removed 1658 characters
✅ Cleaned Page ID 5523 - Removed 1632 characters
✅ Cleaned Page ID 5522 - Removed 1620 characters
✅ Cleaned Page ID 5521 - Removed 1640 characters
✅ Cleaned Page ID 5520 - Removed 1628 characters
✅ Cleaned Page ID 5519 - Removed 1680 characters
✅ Cleaned Page ID 5518 - Removed 1668 characters
✅ Cleaned Page ID 5517 - Removed 1632 characters
✅ Cleaned Page ID 5516 - Removed 1620 characters
✅ Cleaned Page ID 5515 - Removed 1624 characters
✅ Cleaned Page ID 5514 - Removed 1612 characters
✅ Cleaned Page ID 5513 - Removed 1694 characters
✅ Cleaned Page ID 5512 - Removed 1682 characters
✅ Cleaned Page ID 5511 - Removed 1646 characters
✅ Cleaned Page ID 5510 - Removed 1634 characters
✅ Cleaned Page ID 5509 - Removed 1616 characters
✅ Cleaned Page ID 5508 - Removed 1604 characters
✅ Cleaned Page ID 5507 - Removed 1664 characters
✅ Cleaned Page ID 5506 - Removed 1652 characters
✅ Cleaned Page ID 5505 - Removed 1682 characters
✅ Cleaned Page ID 5504 - Removed 1670 characters
✅ Cleaned Page ID 5503 - Removed 1652 characters
✅ Cleaned Page ID 5502 - Removed 1640 characters
✅ Cleaned Page ID 5501 - Removed 1676 characters
✅ Cleaned Page ID 5500 - Removed 1664 characters
✅ Cleaned Page ID 5499 - Removed 1660 characters
✅ Cleaned Page ID 5498 - Removed 1648 characters
✅ Cleaned Page ID 5497 - Removed 1704 characters
✅ Cleaned Page ID 5496 - Removed 1692 characters
✅ Cleaned Page ID 5495 - Removed 1630 characters
✅ Cleaned Page ID 5494 - Removed 1618 characters
✅ Cleaned Page ID 5493 - Removed 1638 characters
✅ Cleaned Page ID 5492 - Removed 1626 characters
✅ Cleaned Page ID 5491 - Removed 1646 characters
✅ Cleaned Page ID 5490 - Removed 1634 characters
✅ Cleaned Page ID 5489 - Removed 1741 characters
✅ Cleaned Page ID 5488 - Removed 1742 characters
✅ Cleaned Page ID 5487 - Removed 1684 characters
✅ Cleaned Page ID 5486 - Removed 1672 characters
✅ Cleaned Page ID 5484 - Removed 2225 characters
✅ Cleaned Page ID 5483 - Removed 2207 characters
✅ Cleaned Page ID 5482 - Removed 2139 characters
✅ Cleaned Page ID 5481 - Removed 2121 characters
✅ Cleaned Page ID 5480 - Removed 2159 characters
✅ Cleaned Page ID 5479 - Removed 2141 characters
✅ Cleaned Page ID 5478 - Removed 2241 characters
✅ Cleaned Page ID 5477 - Removed 2223 characters
✅ Cleaned Page ID 5476 - Removed 2145 characters
✅ Cleaned Page ID 5475 - Removed 2127 characters
✅ Cleaned Page ID 5474 - Removed 2131 characters
✅ Cleaned Page ID 5473 - Removed 2113 characters
✅ Cleaned Page ID 5472 - Removed 2285 characters
✅ Cleaned Page ID 5471 - Removed 2267 characters
✅ Cleaned Page ID 5470 - Removed 2195 characters
✅ Cleaned Page ID 5469 - Removed 2177 characters
✅ Cleaned Page ID 5468 - Removed 2111 characters
✅ Cleaned Page ID 5467 - Removed 2093 characters
✅ Cleaned Page ID 5466 - Removed 2195 characters
✅ Cleaned Page ID 5465 - Removed 2177 characters
✅ Cleaned Page ID 5464 - Removed 2219 characters
✅ Cleaned Page ID 5463 - Removed 2201 characters
✅ Cleaned Page ID 5462 - Removed 2189 characters
✅ Cleaned Page ID 5461 - Removed 2171 characters
✅ Cleaned Page ID 5460 - Removed 2213 characters
✅ Cleaned Page ID 5459 - Removed 2195 characters
✅ Cleaned Page ID 5458 - Removed 2185 characters
✅ Cleaned Page ID 5457 - Removed 2167 characters
✅ Cleaned Page ID 5456 - Removed 2271 characters
✅ Cleaned Page ID 5455 - Removed 2253 characters
✅ Cleaned Page ID 5454 - Removed 2161 characters
✅ Cleaned Page ID 5453 - Removed 2143 characters
✅ Cleaned Page ID 5452 - Removed 2157 characters
✅ Cleaned Page ID 5451 - Removed 2139 characters
✅ Cleaned Page ID 5450 - Removed 2213 characters
✅ Cleaned Page ID 5449 - Removed 2195 characters
✅ Cleaned Page ID 5448 - Removed 2242 characters
✅ Cleaned Page ID 5447 - Removed 2237 characters
✅ Cleaned Page ID 5446 - Removed 2227 characters
✅ Cleaned Page ID 5445 - Removed 2209 characters
✅ Cleaned Page ID 5443 - Removed 1285 characters
✅ Cleaned Page ID 5442 - Removed 1277 characters
✅ Cleaned Page ID 5441 - Removed 1279 characters
✅ Cleaned Page ID 5440 - Removed 1271 characters
✅ Cleaned Page ID 5439 - Removed 1279 characters
✅ Cleaned Page ID 5438 - Removed 1271 characters
✅ Cleaned Page ID 5437 - Removed 1291 characters
✅ Cleaned Page ID 5436 - Removed 1283 characters
✅ Cleaned Page ID 5435 - Removed 1275 characters
✅ Cleaned Page ID 5434 - Removed 1267 characters
✅ Cleaned Page ID 5433 - Removed 1271 characters
✅ Cleaned Page ID 5432 - Removed 1263 characters
Error: Connection timed out after 60002 milliseconds HTTP 0
❌ Failed to update Page ID 5431
Error: Operation timed out after 60002 milliseconds with 0 bytes received HTTP 0
❌ Failed to update Page ID 5430
Error: SSL: no alternative certificate subject name matches target hostname 'shaffercon.com' HTTP 0
❌ Failed to fetch Page ID 5429
Error: SSL: no alternative certificate subject name matches target hostname 'shaffercon.com' HTTP 0
❌ Failed to fetch Page ID 5428
Error: SSL: no alternative certificate subject name matches target hostname 'shaffercon.com' HTTP 0
❌ Failed to fetch Page ID 5427
Error: SSL: no alternative certificate subject name matches target hostname 'shaffercon.com' HTTP 0
❌ Failed to fetch Page ID 5426
Error: SSL: no alternative certificate subject name matches target hostname 'shaffercon.com' HTTP 0
❌ Failed to fetch Page ID 5425
Error: SSL: no alternative certificate subject name matches target hostname 'shaffercon.com' HTTP 0
❌ Failed to fetch Page ID 5424
Error: SSL: no alternative certificate subject name matches target hostname 'shaffercon.com' HTTP 0
❌ Failed to fetch Page ID 5423
Error: SSL: no alternative certificate subject name matches target hostname 'shaffercon.com' HTTP 0
❌ Failed to fetch Page ID 5422
Error: SSL: no alternative certificate subject name matches target hostname 'shaffercon.com' HTTP 0
❌ Failed to fetch Page ID 5421
Error: SSL: no alternative certificate subject name matches target hostname 'shaffercon.com' HTTP 0
❌ Failed to fetch Page ID 5420
Error: SSL: no alternative certificate subject name matches target hostname 'shaffercon.com' HTTP 0
❌ Failed to fetch Page ID 5419
Error: SSL: no alternative certificate subject name matches target hostname 'shaffercon.com' HTTP 0
❌ Failed to fetch Page ID 5418
Error: SSL: no alternative certificate subject name matches target hostname 'shaffercon.com' HTTP 0
❌ Failed to fetch Page ID 5417
Error: SSL: no alternative certificate subject name matches target hostname 'shaffercon.com' HTTP 0
❌ Failed to fetch Page ID 5416
Error: SSL: no alternative certificate subject name matches target hostname 'shaffercon.com' HTTP 0
❌ Failed to fetch Page ID 5415
Error: SSL: no alternative certificate subject name matches target hostname 'shaffercon.com' HTTP 0
❌ Failed to fetch Page ID 5414
Error: SSL: no alternative certificate subject name matches target hostname 'shaffercon.com' HTTP 0
❌ Failed to fetch Page ID 5413
Error: SSL: no alternative certificate subject name matches target hostname 'shaffercon.com' HTTP 0
❌ Failed to fetch Page ID 5412
Error: SSL: no alternative certificate subject name matches target hostname 'shaffercon.com' HTTP 0
❌ Failed to fetch Page ID 5411
Error: SSL: no alternative certificate subject name matches target hostname 'shaffercon.com' HTTP 0
❌ Failed to fetch Page ID 5410
Error: SSL: no alternative certificate subject name matches target hostname 'shaffercon.com' HTTP 0
❌ Failed to fetch Page ID 5409
Error: SSL: no alternative certificate subject name matches target hostname 'shaffercon.com' HTTP 0
❌ Failed to fetch Page ID 5408
Error: SSL: no alternative certificate subject name matches target hostname 'shaffercon.com' HTTP 0
❌ Failed to fetch Page ID 5407
Error: SSL: no alternative certificate subject name matches target hostname 'shaffercon.com' HTTP 0
❌ Failed to fetch Page ID 5406
Error: SSL: no alternative certificate subject name matches target hostname 'shaffercon.com' HTTP 0
❌ Failed to fetch Page ID 5405
Error: SSL: no alternative certificate subject name matches target hostname 'shaffercon.com' HTTP 0
❌ Failed to fetch Page ID 5404
Error: SSL: no alternative certificate subject name matches target hostname 'shaffercon.com' HTTP 0
❌ Failed to fetch Page ID 5402
Error: SSL: no alternative certificate subject name matches target hostname 'shaffercon.com' HTTP 0
❌ Failed to fetch Page ID 5401
Error: SSL: no alternative certificate subject name matches target hostname 'shaffercon.com' HTTP 0
❌ Failed to fetch Page ID 5400
Error: SSL: no alternative certificate subject name matches target hostname 'shaffercon.com' HTTP 0
❌ Failed to fetch Page ID 5399
Error: SSL: no alternative certificate subject name matches target hostname 'shaffercon.com' HTTP 0
❌ Failed to fetch Page ID 5398
Error: SSL: no alternative certificate subject name matches target hostname 'shaffercon.com' HTTP 0
❌ Failed to fetch Page ID 5397
Error: SSL: no alternative certificate subject name matches target hostname 'shaffercon.com' HTTP 0
❌ Failed to fetch Page ID 5396
Error: SSL: no alternative certificate subject name matches target hostname 'shaffercon.com' HTTP 0
❌ Failed to fetch Page ID 5395
Error: SSL: no alternative certificate subject name matches target hostname 'shaffercon.com' HTTP 0
❌ Failed to fetch Page ID 5394
Error: SSL: no alternative certificate subject name matches target hostname 'shaffercon.com' HTTP 0
❌ Failed to fetch Page ID 5393
Error: SSL: no alternative certificate subject name matches target hostname 'shaffercon.com' HTTP 0
❌ Failed to fetch Page ID 5392
Error: SSL: no alternative certificate subject name matches target hostname 'shaffercon.com' HTTP 0
❌ Failed to fetch Page ID 5391
Error: SSL: no alternative certificate subject name matches target hostname 'shaffercon.com' HTTP 0
❌ Failed to fetch Page ID 5390
Error: SSL: no alternative certificate subject name matches target hostname 'shaffercon.com' HTTP 0
❌ Failed to fetch Page ID 5389
Error: SSL: no alternative certificate subject name matches target hostname 'shaffercon.com' HTTP 0
❌ Failed to fetch Page ID 5388
Error: SSL: no alternative certificate subject name matches target hostname 'shaffercon.com' HTTP 0
❌ Failed to fetch Page ID 5387
Error: SSL: no alternative certificate subject name matches target hostname 'shaffercon.com' HTTP 0
❌ Failed to fetch Page ID 5386
Error: SSL: no alternative certificate subject name matches target hostname 'shaffercon.com' HTTP 0
❌ Failed to fetch Page ID 5385
Error: SSL: no alternative certificate subject name matches target hostname 'shaffercon.com' HTTP 0
❌ Failed to fetch Page ID 5384
Error: SSL: no alternative certificate subject name matches target hostname 'shaffercon.com' HTTP 0
❌ Failed to fetch Page ID 5383
Error: SSL: no alternative certificate subject name matches target hostname 'shaffercon.com' HTTP 0
❌ Failed to fetch Page ID 5382
Error: SSL: no alternative certificate subject name matches target hostname 'shaffercon.com' HTTP 0
❌ Failed to fetch Page ID 5381
Error: SSL: no alternative certificate subject name matches target hostname 'shaffercon.com' HTTP 0
❌ Failed to fetch Page ID 5380
Error: SSL: no alternative certificate subject name matches target hostname 'shaffercon.com' HTTP 0
❌ Failed to fetch Page ID 5379
✅ Cleaned Page ID 5378 - Removed 1289 characters
✅ Cleaned Page ID 5377 - Removed 1281 characters
✅ Cleaned Page ID 5376 - Removed 1281 characters
✅ Cleaned Page ID 5375 - Removed 1273 characters
✅ Cleaned Page ID 5374 - Removed 1297 characters
✅ Cleaned Page ID 5373 - Removed 1289 characters
Error: OpenSSL SSL_read: OpenSSL/3.6.0: error:0A000126:SSL routines::unexpected eof while reading, errno 0 HTTP 0
❌ Failed to update Page ID 5372
✅ Cleaned Page ID 5371 - Removed 1239 characters
✅ Cleaned Page ID 5370 - Removed 1263 characters
✅ Cleaned Page ID 5369 - Removed 1255 characters
✅ Cleaned Page ID 5368 - Removed 1239 characters
✅ Cleaned Page ID 5367 - Removed 1231 characters
✅ Cleaned Page ID 5366 - Removed 1378 characters
✅ Cleaned Page ID 5365 - Removed 1383 characters
✅ Cleaned Page ID 5364 - Removed 1293 characters
✅ Cleaned Page ID 5363 - Removed 1285 characters
✅ Cleaned Page ID 5361 - Removed 1897 characters
✅ Cleaned Page ID 5360 - Removed 1883 characters
✅ Cleaned Page ID 5359 - Removed 1843 characters
✅ Cleaned Page ID 5358 - Removed 1829 characters
✅ Cleaned Page ID 5357 - Removed 1855 characters
✅ Cleaned Page ID 5356 - Removed 1841 characters
✅ Cleaned Page ID 5355 - Removed 1909 characters
✅ Cleaned Page ID 5354 - Removed 1895 characters
✅ Cleaned Page ID 5353 - Removed 1845 characters
✅ Cleaned Page ID 5351 - Removed 1831 characters
✅ Cleaned Page ID 5350 - Removed 1835 characters
✅ Cleaned Page ID 5349 - Removed 1821 characters
✅ Cleaned Page ID 5348 - Removed 1933 characters
✅ Cleaned Page ID 5347 - Removed 1919 characters
✅ Cleaned Page ID 5346 - Removed 1871 characters
✅ Cleaned Page ID 5345 - Removed 1857 characters
✅ Cleaned Page ID 5344 - Removed 1823 characters
✅ Cleaned Page ID 5343 - Removed 1809 characters
✅ Cleaned Page ID 5342 - Removed 1883 characters
✅ Cleaned Page ID 5341 - Removed 1869 characters
✅ Cleaned Page ID 5340 - Removed 1903 characters
✅ Cleaned Page ID 5338 - Removed 1873 characters
✅ Cleaned Page ID 5337 - Removed 1859 characters
✅ Cleaned Page ID 5336 - Removed 1897 characters
✅ Cleaned Page ID 5335 - Removed 1883 characters
✅ Cleaned Page ID 5334 - Removed 1877 characters
✅ Cleaned Page ID 5333 - Removed 1863 characters
✅ Cleaned Page ID 5332 - Removed 1935 characters
✅ Cleaned Page ID 5329 - Removed 1835 characters
✅ Cleaned Page ID 5328 - Removed 1853 characters
✅ Cleaned Page ID 5327 - Removed 1839 characters
✅ Cleaned Page ID 5326 - Removed 1877 characters
✅ Cleaned Page ID 5325 - Removed 1863 characters
✅ Cleaned Page ID 5324 - Removed 1950 characters
✅ Cleaned Page ID 5323 - Removed 1949 characters
✅ Cleaned Page ID 5322 - Removed 1907 characters
✅ Cleaned Page ID 5321 - Removed 1893 characters
✅ Cleaned Page ID 5319 - Removed 1306 characters
atches target hostname 'shaffercon.com' HTTP 0
❌ Failed to fetch Page ID 5400
Error: SSL: no alternative certificate subject name matches target hostname 'shaffercon.com' HTTP 0
❌ Failed to fetch Page ID 5399
Error: SSL: no alternative certificate subject name matches target hostname 'shaffercon.com' HTTP 0
❌ Failed to fetch Page ID 5398
Error: SSL: no alternative certificate subject name matches target hostname 'shaffercon.com' HTTP 0
❌ Failed to fetch Page ID 5397
Error: SSL: no alternative certificate subject name matches target hostname 'shaffercon.com' HTTP 0
❌ Failed to fetch Page ID 5396
✅ Cleaned Page ID 5395 - Removed 1269 characters
✅ Cleaned Page ID 5394 - Removed 1261 characters
✅ Cleaned Page ID 5393 - Removed 1253 characters
✅ Cleaned Page ID 5392 - Removed 1257 characters
✅ Cleaned Page ID 5391 - Removed 1249 characters
✅ Cleaned Page ID 5390 - Removed 1271 characters
✅ Cleaned Page ID 5389 - Removed 1263 characters
Error: TLS connect error: error:0A000126:SSL routines::unexpected eof while reading HTTP 0
❌ Failed to fetch Page ID 5388
✅ Cleaned Page ID 5387 - Removed 1243 characters
✅ Cleaned Page ID 5386 - Removed 1257 characters
✅ Cleaned Page ID 5385 - Removed 1249 characters
✅ Cleaned Page ID 5384 - Removed 1281 characters
✅ Cleaned Page ID 5383 - Removed 1273 characters
✅ Cleaned Page ID 5382 - Removed 1295 characters
✅ Cleaned Page ID 5381 - Removed 1287 characters
✅ Cleaned Page ID 5380 - Removed 1265 characters
✅ Cleaned Page ID 5379 - Removed 1257 characters
✅ Cleaned Page ID 5349 - Removed 1821 characters
✅ Cleaned Page ID 5348 - Removed 1933 characters
✅ Cleaned Page ID 5347 - Removed 1919 characters
✅ Cleaned Page ID 5346 - Removed 1871 characters
✅ Cleaned Page ID 5345 - Removed 1857 characters
✅ Cleaned Page ID 5344 - Removed 1823 characters
✅ Cleaned Page ID 5343 - Removed 1809 characters
✅ Cleaned Page ID 5342 - Removed 1883 characters
✅ Cleaned Page ID 5341 - Removed 1869 characters
✅ Cleaned Page ID 5340 - Removed 1903 characters
✅ Cleaned Page ID 5339 - Removed 1889 characters
✅ Cleaned Page ID 5338 - Removed 1873 characters
✅ Cleaned Page ID 5337 - Removed 1859 characters
✅ Cleaned Page ID 5336 - Removed 1897 characters
✅ Cleaned Page ID 5335 - Removed 1883 characters
✅ Cleaned Page ID 5334 - Removed 1877 characters
✅ Cleaned Page ID 5333 - Removed 1863 characters
Error: OpenSSL SSL_read: OpenSSL/3.6.0: error:0A000126:SSL routines::unexpected eof while reading, errno 0 HTTP 0
❌ Failed to update Page ID 5332
✅ Cleaned Page ID 5331 - Removed 1921 characters
✅ Cleaned Page ID 5330 - Removed 1849 characters
✅ Cleaned Page ID 5329 - Removed 1835 characters
✅ Cleaned Page ID 5328 - Removed 1853 characters
✅ Cleaned Page ID 5327 - Removed 1839 characters
✅ Cleaned Page ID 5326 - Removed 1877 characters
✅ Cleaned Page ID 5325 - Removed 1863 characters
✅ Cleaned Page ID 5323 - Removed 1949 characters
✅ Cleaned Page ID 5322 - Removed 1907 characters
✅ Cleaned Page ID 5321 - Removed 1893 characters
✅ Cleaned Page ID 5319 - Removed 1306 characters
